{"C:\\Users\\MARIAM IBRAHIM\\Desktop\\andela\\storemanager\\server\\test\\test.js":{"path":"C:\\Users\\MARIAM IBRAHIM\\Desktop\\andela\\storemanager\\server\\test\\test.js","statementMap":{"0":{"start":{"line":3,"column":11},"end":{"line":3,"column":31}},"1":{"start":{"line":5,"column":12},"end":{"line":5,"column":40}},"2":{"start":{"line":7,"column":20},"end":{"line":7,"column":54}},"3":{"start":{"line":9,"column":21},"end":{"line":9,"column":55}},"4":{"start":{"line":11,"column":39},"end":{"line":11,"column":93}},"5":{"start":{"line":13,"column":15},"end":{"line":13,"column":35}},"6":{"start":{"line":15,"column":11},"end":{"line":15,"column":26}},"7":{"start":{"line":17,"column":13},"end":{"line":17,"column":26}},"8":{"start":{"line":19,"column":0},"end":{"line":19,"column":19}},"9":{"start":{"line":21,"column":18},"end":{"line":27,"column":1}},"10":{"start":{"line":29,"column":22},"end":{"line":33,"column":1}},"11":{"start":{"line":35,"column":16},"end":{"line":40,"column":1}},"12":{"start":{"line":42,"column":19},"end":{"line":44,"column":1}},"13":{"start":{"line":46,"column":0},"end":{"line":203,"column":3}},"14":{"start":{"line":48,"column":14},"end":{"line":48,"column":20}},"15":{"start":{"line":49,"column":11},"end":{"line":49,"column":17}},"16":{"start":{"line":50,"column":2},"end":{"line":54,"column":5}},"17":{"start":{"line":51,"column":14},"end":{"line":51,"column":97}},"18":{"start":{"line":52,"column":4},"end":{"line":52,"column":27}},"19":{"start":{"line":53,"column":4},"end":{"line":53,"column":24}},"20":{"start":{"line":56,"column":2},"end":{"line":62,"column":5}},"21":{"start":{"line":57,"column":4},"end":{"line":61,"column":7}},"22":{"start":{"line":58,"column":6},"end":{"line":58,"column":34}},"23":{"start":{"line":59,"column":6},"end":{"line":59,"column":37}},"24":{"start":{"line":60,"column":6},"end":{"line":60,"column":13}},"25":{"start":{"line":64,"column":2},"end":{"line":70,"column":5}},"26":{"start":{"line":65,"column":4},"end":{"line":69,"column":7}},"27":{"start":{"line":66,"column":6},"end":{"line":66,"column":34}},"28":{"start":{"line":67,"column":6},"end":{"line":67,"column":37}},"29":{"start":{"line":68,"column":6},"end":{"line":68,"column":13}},"30":{"start":{"line":72,"column":2},"end":{"line":202,"column":5}},"31":{"start":{"line":74,"column":4},"end":{"line":81,"column":7}},"32":{"start":{"line":75,"column":6},"end":{"line":80,"column":9}},"33":{"start":{"line":76,"column":8},"end":{"line":76,"column":36}},"34":{"start":{"line":77,"column":8},"end":{"line":77,"column":39}},"35":{"start":{"line":78,"column":8},"end":{"line":78,"column":15}},"36":{"start":{"line":79,"column":8},"end":{"line":79,"column":19}},"37":{"start":{"line":83,"column":4},"end":{"line":89,"column":7}},"38":{"start":{"line":84,"column":6},"end":{"line":88,"column":9}},"39":{"start":{"line":85,"column":8},"end":{"line":85,"column":36}},"40":{"start":{"line":86,"column":8},"end":{"line":86,"column":39}},"41":{"start":{"line":87,"column":8},"end":{"line":87,"column":15}},"42":{"start":{"line":91,"column":4},"end":{"line":106,"column":7}},"43":{"start":{"line":92,"column":6},"end":{"line":98,"column":9}},"44":{"start":{"line":93,"column":8},"end":{"line":97,"column":11}},"45":{"start":{"line":94,"column":10},"end":{"line":94,"column":38}},"46":{"start":{"line":95,"column":10},"end":{"line":95,"column":41}},"47":{"start":{"line":96,"column":10},"end":{"line":96,"column":17}},"48":{"start":{"line":99,"column":6},"end":{"line":105,"column":9}},"49":{"start":{"line":100,"column":8},"end":{"line":104,"column":11}},"50":{"start":{"line":101,"column":10},"end":{"line":101,"column":38}},"51":{"start":{"line":102,"column":10},"end":{"line":102,"column":41}},"52":{"start":{"line":103,"column":10},"end":{"line":103,"column":17}},"53":{"start":{"line":108,"column":4},"end":{"line":124,"column":7}},"54":{"start":{"line":109,"column":6},"end":{"line":115,"column":9}},"55":{"start":{"line":110,"column":8},"end":{"line":114,"column":11}},"56":{"start":{"line":111,"column":10},"end":{"line":111,"column":38}},"57":{"start":{"line":112,"column":10},"end":{"line":112,"column":41}},"58":{"start":{"line":113,"column":10},"end":{"line":113,"column":17}},"59":{"start":{"line":117,"column":6},"end":{"line":123,"column":9}},"60":{"start":{"line":118,"column":8},"end":{"line":122,"column":11}},"61":{"start":{"line":119,"column":10},"end":{"line":119,"column":38}},"62":{"start":{"line":120,"column":10},"end":{"line":120,"column":41}},"63":{"start":{"line":121,"column":10},"end":{"line":121,"column":17}},"64":{"start":{"line":126,"column":4},"end":{"line":153,"column":7}},"65":{"start":{"line":128,"column":6},"end":{"line":136,"column":9}},"66":{"start":{"line":129,"column":8},"end":{"line":135,"column":11}},"67":{"start":{"line":130,"column":10},"end":{"line":130,"column":38}},"68":{"start":{"line":131,"column":10},"end":{"line":131,"column":41}},"69":{"start":{"line":132,"column":10},"end":{"line":132,"column":27}},"70":{"start":{"line":134,"column":10},"end":{"line":134,"column":17}},"71":{"start":{"line":138,"column":6},"end":{"line":144,"column":9}},"72":{"start":{"line":139,"column":8},"end":{"line":143,"column":11}},"73":{"start":{"line":140,"column":10},"end":{"line":140,"column":38}},"74":{"start":{"line":141,"column":10},"end":{"line":141,"column":41}},"75":{"start":{"line":142,"column":10},"end":{"line":142,"column":17}},"76":{"start":{"line":146,"column":6},"end":{"line":152,"column":9}},"77":{"start":{"line":147,"column":8},"end":{"line":151,"column":11}},"78":{"start":{"line":148,"column":10},"end":{"line":148,"column":38}},"79":{"start":{"line":149,"column":10},"end":{"line":149,"column":41}},"80":{"start":{"line":150,"column":10},"end":{"line":150,"column":17}},"81":{"start":{"line":155,"column":4},"end":{"line":171,"column":7}},"82":{"start":{"line":156,"column":6},"end":{"line":162,"column":9}},"83":{"start":{"line":157,"column":8},"end":{"line":161,"column":11}},"84":{"start":{"line":158,"column":10},"end":{"line":158,"column":38}},"85":{"start":{"line":159,"column":10},"end":{"line":159,"column":41}},"86":{"start":{"line":160,"column":10},"end":{"line":160,"column":17}},"87":{"start":{"line":164,"column":6},"end":{"line":170,"column":9}},"88":{"start":{"line":165,"column":8},"end":{"line":169,"column":11}},"89":{"start":{"line":166,"column":10},"end":{"line":166,"column":38}},"90":{"start":{"line":167,"column":10},"end":{"line":167,"column":41}},"91":{"start":{"line":168,"column":10},"end":{"line":168,"column":17}},"92":{"start":{"line":173,"column":4},"end":{"line":189,"column":7}},"93":{"start":{"line":174,"column":6},"end":{"line":180,"column":9}},"94":{"start":{"line":175,"column":8},"end":{"line":179,"column":11}},"95":{"start":{"line":176,"column":10},"end":{"line":176,"column":38}},"96":{"start":{"line":177,"column":10},"end":{"line":177,"column":41}},"97":{"start":{"line":178,"column":10},"end":{"line":178,"column":17}},"98":{"start":{"line":182,"column":6},"end":{"line":188,"column":9}},"99":{"start":{"line":183,"column":8},"end":{"line":187,"column":11}},"100":{"start":{"line":184,"column":10},"end":{"line":184,"column":38}},"101":{"start":{"line":185,"column":10},"end":{"line":185,"column":40}},"102":{"start":{"line":186,"column":10},"end":{"line":186,"column":17}},"103":{"start":{"line":191,"column":4},"end":{"line":201,"column":7}},"104":{"start":{"line":193,"column":6},"end":{"line":200,"column":9}},"105":{"start":{"line":194,"column":8},"end":{"line":199,"column":11}},"106":{"start":{"line":195,"column":10},"end":{"line":195,"column":38}},"107":{"start":{"line":196,"column":10},"end":{"line":196,"column":41}},"108":{"start":{"line":197,"column":10},"end":{"line":197,"column":17}},"109":{"start":{"line":198,"column":10},"end":{"line":198,"column":21}}},"fnMap":{"0":{"name":"_interopRequireDefault","decl":{"start":{"line":11,"column":9},"end":{"line":11,"column":31}},"loc":{"start":{"line":11,"column":37},"end":{"line":11,"column":95}},"line":11},"1":{"name":"(anonymous_1)","decl":{"start":{"line":46,"column":27},"end":{"line":46,"column":28}},"loc":{"start":{"line":46,"column":39},"end":{"line":203,"column":1}},"line":46},"2":{"name":"(anonymous_2)","decl":{"start":{"line":50,"column":9},"end":{"line":50,"column":10}},"loc":{"start":{"line":50,"column":27},"end":{"line":54,"column":3}},"line":50},"3":{"name":"(anonymous_3)","decl":{"start":{"line":56,"column":39},"end":{"line":56,"column":40}},"loc":{"start":{"line":56,"column":55},"end":{"line":62,"column":3}},"line":56},"4":{"name":"(anonymous_4)","decl":{"start":{"line":57,"column":105},"end":{"line":57,"column":106}},"loc":{"start":{"line":57,"column":125},"end":{"line":61,"column":5}},"line":57},"5":{"name":"(anonymous_5)","decl":{"start":{"line":64,"column":35},"end":{"line":64,"column":36}},"loc":{"start":{"line":64,"column":51},"end":{"line":70,"column":3}},"line":64},"6":{"name":"(anonymous_6)","decl":{"start":{"line":65,"column":69},"end":{"line":65,"column":70}},"loc":{"start":{"line":65,"column":89},"end":{"line":69,"column":5}},"line":65},"7":{"name":"(anonymous_7)","decl":{"start":{"line":72,"column":26},"end":{"line":72,"column":27}},"loc":{"start":{"line":72,"column":38},"end":{"line":202,"column":3}},"line":72},"8":{"name":"(anonymous_8)","decl":{"start":{"line":74,"column":34},"end":{"line":74,"column":35}},"loc":{"start":{"line":74,"column":50},"end":{"line":81,"column":5}},"line":74},"9":{"name":"(anonymous_9)","decl":{"start":{"line":75,"column":77},"end":{"line":75,"column":78}},"loc":{"start":{"line":75,"column":97},"end":{"line":80,"column":7}},"line":75},"10":{"name":"(anonymous_10)","decl":{"start":{"line":83,"column":34},"end":{"line":83,"column":35}},"loc":{"start":{"line":83,"column":50},"end":{"line":89,"column":5}},"line":83},"11":{"name":"(anonymous_11)","decl":{"start":{"line":84,"column":68},"end":{"line":84,"column":69}},"loc":{"start":{"line":84,"column":88},"end":{"line":88,"column":7}},"line":84},"12":{"name":"(anonymous_12)","decl":{"start":{"line":91,"column":33},"end":{"line":91,"column":34}},"loc":{"start":{"line":91,"column":45},"end":{"line":106,"column":5}},"line":91},"13":{"name":"(anonymous_13)","decl":{"start":{"line":92,"column":41},"end":{"line":92,"column":42}},"loc":{"start":{"line":92,"column":57},"end":{"line":98,"column":7}},"line":92},"14":{"name":"(anonymous_14)","decl":{"start":{"line":93,"column":110},"end":{"line":93,"column":111}},"loc":{"start":{"line":93,"column":130},"end":{"line":97,"column":9}},"line":93},"15":{"name":"(anonymous_15)","decl":{"start":{"line":99,"column":41},"end":{"line":99,"column":42}},"loc":{"start":{"line":99,"column":57},"end":{"line":105,"column":7}},"line":99},"16":{"name":"(anonymous_16)","decl":{"start":{"line":100,"column":73},"end":{"line":100,"column":74}},"loc":{"start":{"line":100,"column":93},"end":{"line":104,"column":9}},"line":100},"17":{"name":"(anonymous_17)","decl":{"start":{"line":108,"column":30},"end":{"line":108,"column":31}},"loc":{"start":{"line":108,"column":42},"end":{"line":124,"column":5}},"line":108},"18":{"name":"(anonymous_18)","decl":{"start":{"line":109,"column":49},"end":{"line":109,"column":50}},"loc":{"start":{"line":109,"column":65},"end":{"line":115,"column":7}},"line":109},"19":{"name":"(anonymous_19)","decl":{"start":{"line":110,"column":110},"end":{"line":110,"column":111}},"loc":{"start":{"line":110,"column":130},"end":{"line":114,"column":9}},"line":110},"20":{"name":"(anonymous_20)","decl":{"start":{"line":117,"column":49},"end":{"line":117,"column":50}},"loc":{"start":{"line":117,"column":65},"end":{"line":123,"column":7}},"line":117},"21":{"name":"(anonymous_21)","decl":{"start":{"line":118,"column":73},"end":{"line":118,"column":74}},"loc":{"start":{"line":118,"column":93},"end":{"line":122,"column":9}},"line":118},"22":{"name":"(anonymous_22)","decl":{"start":{"line":126,"column":30},"end":{"line":126,"column":31}},"loc":{"start":{"line":126,"column":42},"end":{"line":153,"column":5}},"line":126},"23":{"name":"(anonymous_23)","decl":{"start":{"line":128,"column":43},"end":{"line":128,"column":44}},"loc":{"start":{"line":128,"column":59},"end":{"line":136,"column":7}},"line":128},"24":{"name":"(anonymous_24)","decl":{"start":{"line":129,"column":109},"end":{"line":129,"column":110}},"loc":{"start":{"line":129,"column":129},"end":{"line":135,"column":9}},"line":129},"25":{"name":"(anonymous_25)","decl":{"start":{"line":138,"column":47},"end":{"line":138,"column":48}},"loc":{"start":{"line":138,"column":63},"end":{"line":144,"column":7}},"line":138},"26":{"name":"(anonymous_26)","decl":{"start":{"line":139,"column":70},"end":{"line":139,"column":71}},"loc":{"start":{"line":139,"column":90},"end":{"line":143,"column":9}},"line":139},"27":{"name":"(anonymous_27)","decl":{"start":{"line":146,"column":47},"end":{"line":146,"column":48}},"loc":{"start":{"line":146,"column":63},"end":{"line":152,"column":7}},"line":146},"28":{"name":"(anonymous_28)","decl":{"start":{"line":147,"column":71},"end":{"line":147,"column":72}},"loc":{"start":{"line":147,"column":91},"end":{"line":151,"column":9}},"line":147},"29":{"name":"(anonymous_29)","decl":{"start":{"line":155,"column":30},"end":{"line":155,"column":31}},"loc":{"start":{"line":155,"column":42},"end":{"line":171,"column":5}},"line":155},"30":{"name":"(anonymous_30)","decl":{"start":{"line":156,"column":43},"end":{"line":156,"column":44}},"loc":{"start":{"line":156,"column":59},"end":{"line":162,"column":7}},"line":156},"31":{"name":"(anonymous_31)","decl":{"start":{"line":157,"column":64},"end":{"line":157,"column":65}},"loc":{"start":{"line":157,"column":84},"end":{"line":161,"column":9}},"line":157},"32":{"name":"(anonymous_32)","decl":{"start":{"line":164,"column":43},"end":{"line":164,"column":44}},"loc":{"start":{"line":164,"column":59},"end":{"line":170,"column":7}},"line":164},"33":{"name":"(anonymous_33)","decl":{"start":{"line":165,"column":71},"end":{"line":165,"column":72}},"loc":{"start":{"line":165,"column":91},"end":{"line":169,"column":9}},"line":165},"34":{"name":"(anonymous_34)","decl":{"start":{"line":173,"column":33},"end":{"line":173,"column":34}},"loc":{"start":{"line":173,"column":45},"end":{"line":189,"column":5}},"line":173},"35":{"name":"(anonymous_35)","decl":{"start":{"line":174,"column":39},"end":{"line":174,"column":40}},"loc":{"start":{"line":174,"column":55},"end":{"line":180,"column":7}},"line":174},"36":{"name":"(anonymous_36)","decl":{"start":{"line":175,"column":95},"end":{"line":175,"column":96}},"loc":{"start":{"line":175,"column":115},"end":{"line":179,"column":9}},"line":175},"37":{"name":"(anonymous_37)","decl":{"start":{"line":182,"column":39},"end":{"line":182,"column":40}},"loc":{"start":{"line":182,"column":55},"end":{"line":188,"column":7}},"line":182},"38":{"name":"(anonymous_38)","decl":{"start":{"line":183,"column":77},"end":{"line":183,"column":78}},"loc":{"start":{"line":183,"column":97},"end":{"line":187,"column":9}},"line":183},"39":{"name":"(anonymous_39)","decl":{"start":{"line":191,"column":28},"end":{"line":191,"column":29}},"loc":{"start":{"line":191,"column":40},"end":{"line":201,"column":5}},"line":191},"40":{"name":"(anonymous_40)","decl":{"start":{"line":193,"column":36},"end":{"line":193,"column":37}},"loc":{"start":{"line":193,"column":52},"end":{"line":200,"column":7}},"line":193},"41":{"name":"(anonymous_41)","decl":{"start":{"line":194,"column":62},"end":{"line":194,"column":63}},"loc":{"start":{"line":194,"column":82},"end":{"line":199,"column":9}},"line":194}},"branchMap":{"0":{"loc":{"start":{"line":11,"column":46},"end":{"line":11,"column":92}},"type":"cond-expr","locations":[{"start":{"line":11,"column":70},"end":{"line":11,"column":73}},{"start":{"line":11,"column":76},"end":{"line":11,"column":92}}],"line":11},"1":{"loc":{"start":{"line":11,"column":46},"end":{"line":11,"column":67}},"type":"binary-expr","locations":[{"start":{"line":11,"column":46},"end":{"line":11,"column":49}},{"start":{"line":11,"column":53},"end":{"line":11,"column":67}}],"line":11}},"s":{"0":1,"1":1,"2":1,"3":1,"4":1,"5":1,"6":1,"7":1,"8":1,"9":1,"10":1,"11":1,"12":1,"13":1,"14":1,"15":1,"16":1,"17":1,"18":1,"19":1,"20":1,"21":1,"22":1,"23":1,"24":1,"25":1,"26":1,"27":1,"28":1,"29":1,"30":1,"31":1,"32":1,"33":1,"34":1,"35":1,"36":1,"37":1,"38":1,"39":1,"40":1,"41":1,"42":1,"43":1,"44":1,"45":1,"46":1,"47":1,"48":1,"49":1,"50":1,"51":1,"52":1,"53":1,"54":1,"55":1,"56":1,"57":1,"58":1,"59":1,"60":1,"61":1,"62":1,"63":1,"64":1,"65":1,"66":1,"67":1,"68":1,"69":1,"70":1,"71":1,"72":1,"73":1,"74":1,"75":1,"76":1,"77":1,"78":1,"79":1,"80":1,"81":1,"82":1,"83":1,"84":1,"85":1,"86":1,"87":1,"88":1,"89":1,"90":1,"91":1,"92":1,"93":1,"94":1,"95":1,"96":1,"97":1,"98":1,"99":1,"100":1,"101":1,"102":1,"103":1,"104":1,"105":1,"106":1,"107":1,"108":1,"109":1},"f":{"0":1,"1":1,"2":1,"3":1,"4":1,"5":1,"6":1,"7":1,"8":1,"9":1,"10":1,"11":1,"12":1,"13":1,"14":1,"15":1,"16":1,"17":1,"18":1,"19":1,"20":1,"21":1,"22":1,"23":1,"24":1,"25":1,"26":1,"27":1,"28":1,"29":1,"30":1,"31":1,"32":1,"33":1,"34":1,"35":1,"36":1,"37":1,"38":1,"39":1,"40":1,"41":1},"b":{"0":[0,1],"1":[1,1]},"_coverageSchema":"d34fc3e6b8297bcde183f5492bcb8fcb36775295","hash":"4b682eeeadf5b23a14c8ad27344b80db064c7d6c","contentHash":"f790a6258b2bc4f51178497a86c64992_12.0.2"},"C:\\Users\\MARIAM IBRAHIM\\Desktop\\andela\\storemanager\\app.js":{"path":"C:\\Users\\MARIAM IBRAHIM\\Desktop\\andela\\storemanager\\app.js","statementMap":{"0":{"start":{"line":3,"column":14},"end":{"line":3,"column":31}},"1":{"start":{"line":5,"column":15},"end":{"line":5,"column":46}},"2":{"start":{"line":7,"column":18},"end":{"line":7,"column":40}},"3":{"start":{"line":9,"column":19},"end":{"line":9,"column":54}},"4":{"start":{"line":11,"column":15},"end":{"line":11,"column":33}},"5":{"start":{"line":13,"column":16},"end":{"line":13,"column":48}},"6":{"start":{"line":15,"column":16},"end":{"line":15,"column":51}},"7":{"start":{"line":17,"column":17},"end":{"line":17,"column":50}},"8":{"start":{"line":19,"column":13},"end":{"line":19,"column":45}},"9":{"start":{"line":21,"column":14},"end":{"line":21,"column":44}},"10":{"start":{"line":23,"column":39},"end":{"line":23,"column":93}},"11":{"start":{"line":25,"column":0},"end":{"line":25,"column":26}},"12":{"start":{"line":27,"column":10},"end":{"line":27,"column":34}},"13":{"start":{"line":29,"column":0},"end":{"line":29,"column":62}},"14":{"start":{"line":30,"column":0},"end":{"line":30,"column":37}},"15":{"start":{"line":32,"column":0},"end":{"line":32,"column":40}},"16":{"start":{"line":33,"column":0},"end":{"line":33,"column":40}},"17":{"start":{"line":34,"column":0},"end":{"line":34,"column":30}},"18":{"start":{"line":36,"column":0},"end":{"line":36,"column":42}},"19":{"start":{"line":37,"column":0},"end":{"line":39,"column":3}},"20":{"start":{"line":38,"column":2},"end":{"line":38,"column":38}},"21":{"start":{"line":41,"column":0},"end":{"line":41,"column":21}}},"fnMap":{"0":{"name":"_interopRequireDefault","decl":{"start":{"line":23,"column":9},"end":{"line":23,"column":31}},"loc":{"start":{"line":23,"column":37},"end":{"line":23,"column":95}},"line":23},"1":{"name":"(anonymous_1)","decl":{"start":{"line":37,"column":28},"end":{"line":37,"column":29}},"loc":{"start":{"line":37,"column":40},"end":{"line":39,"column":1}},"line":37}},"branchMap":{"0":{"loc":{"start":{"line":23,"column":46},"end":{"line":23,"column":92}},"type":"cond-expr","locations":[{"start":{"line":23,"column":70},"end":{"line":23,"column":73}},{"start":{"line":23,"column":76},"end":{"line":23,"column":92}}],"line":23},"1":{"loc":{"start":{"line":23,"column":46},"end":{"line":23,"column":67}},"type":"binary-expr","locations":[{"start":{"line":23,"column":46},"end":{"line":23,"column":49}},{"start":{"line":23,"column":53},"end":{"line":23,"column":67}}],"line":23},"2":{"loc":{"start":{"line":36,"column":16},"end":{"line":36,"column":40}},"type":"binary-expr","locations":[{"start":{"line":36,"column":16},"end":{"line":36,"column":32}},{"start":{"line":36,"column":36},"end":{"line":36,"column":40}}],"line":36}},"s":{"0":1,"1":1,"2":1,"3":1,"4":1,"5":1,"6":1,"7":1,"8":1,"9":1,"10":5,"11":1,"12":1,"13":1,"14":1,"15":1,"16":1,"17":1,"18":1,"19":1,"20":1,"21":1},"f":{"0":5,"1":1},"b":{"0":[0,5],"1":[5,5],"2":[1,1]},"_coverageSchema":"d34fc3e6b8297bcde183f5492bcb8fcb36775295","hash":"e3ca4a2be368344b30e51bba5df68b80938747f3","contentHash":"e3e5e6876afa56729cf143e0a8f0875d_12.0.2"},"C:\\Users\\MARIAM IBRAHIM\\Desktop\\andela\\storemanager\\server\\routes\\products.js":{"path":"C:\\Users\\MARIAM IBRAHIM\\Desktop\\andela\\storemanager\\server\\routes\\products.js","statementMap":{"0":{"start":{"line":3,"column":15},"end":{"line":3,"column":33}},"1":{"start":{"line":5,"column":16},"end":{"line":5,"column":48}},"2":{"start":{"line":7,"column":13},"end":{"line":7,"column":44}},"3":{"start":{"line":9,"column":14},"end":{"line":9,"column":44}},"4":{"start":{"line":11,"column":13},"end":{"line":11,"column":44}},"5":{"start":{"line":13,"column":14},"end":{"line":13,"column":44}},"6":{"start":{"line":15,"column":22},"end":{"line":15,"column":61}},"7":{"start":{"line":17,"column":23},"end":{"line":17,"column":62}},"8":{"start":{"line":19,"column":19},"end":{"line":19,"column":55}},"9":{"start":{"line":21,"column":20},"end":{"line":21,"column":56}},"10":{"start":{"line":23,"column":17},"end":{"line":23,"column":48}},"11":{"start":{"line":25,"column":18},"end":{"line":25,"column":52}},"12":{"start":{"line":27,"column":39},"end":{"line":27,"column":93}},"13":{"start":{"line":29,"column":13},"end":{"line":29,"column":39}},"14":{"start":{"line":31,"column":0},"end":{"line":31,"column":126}},"15":{"start":{"line":32,"column":0},"end":{"line":32,"column":128}},"16":{"start":{"line":33,"column":0},"end":{"line":33,"column":114}},"17":{"start":{"line":34,"column":0},"end":{"line":34,"column":61}},"18":{"start":{"line":35,"column":0},"end":{"line":35,"column":61}},"19":{"start":{"line":36,"column":0},"end":{"line":36,"column":71}},"20":{"start":{"line":38,"column":0},"end":{"line":38,"column":125}},"21":{"start":{"line":39,"column":0},"end":{"line":39,"column":90}},"22":{"start":{"line":40,"column":0},"end":{"line":40,"column":90}},"23":{"start":{"line":41,"column":0},"end":{"line":41,"column":94}},"24":{"start":{"line":42,"column":0},"end":{"line":42,"column":92}},"25":{"start":{"line":43,"column":0},"end":{"line":43,"column":94}},"26":{"start":{"line":44,"column":0},"end":{"line":44,"column":94}},"27":{"start":{"line":46,"column":0},"end":{"line":46,"column":102}},"28":{"start":{"line":47,"column":0},"end":{"line":47,"column":138}},"29":{"start":{"line":48,"column":0},"end":{"line":48,"column":105}},"30":{"start":{"line":50,"column":0},"end":{"line":50,"column":132}},"31":{"start":{"line":51,"column":0},"end":{"line":51,"column":96}},"32":{"start":{"line":52,"column":0},"end":{"line":52,"column":101}},"33":{"start":{"line":54,"column":0},"end":{"line":54,"column":24}}},"fnMap":{"0":{"name":"_interopRequireDefault","decl":{"start":{"line":27,"column":9},"end":{"line":27,"column":31}},"loc":{"start":{"line":27,"column":37},"end":{"line":27,"column":95}},"line":27}},"branchMap":{"0":{"loc":{"start":{"line":27,"column":46},"end":{"line":27,"column":92}},"type":"cond-expr","locations":[{"start":{"line":27,"column":70},"end":{"line":27,"column":73}},{"start":{"line":27,"column":76},"end":{"line":27,"column":92}}],"line":27},"1":{"loc":{"start":{"line":27,"column":46},"end":{"line":27,"column":67}},"type":"binary-expr","locations":[{"start":{"line":27,"column":46},"end":{"line":27,"column":49}},{"start":{"line":27,"column":53},"end":{"line":27,"column":67}}],"line":27}},"s":{"0":1,"1":1,"2":1,"3":1,"4":1,"5":1,"6":1,"7":1,"8":1,"9":1,"10":1,"11":1,"12":6,"13":1,"14":1,"15":1,"16":1,"17":1,"18":1,"19":1,"20":1,"21":1,"22":1,"23":1,"24":1,"25":1,"26":1,"27":1,"28":1,"29":1,"30":1,"31":1,"32":1,"33":1},"f":{"0":6},"b":{"0":[5,1],"1":[6,6]},"_coverageSchema":"d34fc3e6b8297bcde183f5492bcb8fcb36775295","hash":"48e8fb59cd5031d0e2f8ade305485f2ca5ba5d48","contentHash":"990b57cf84066698f3c1d4ee28654e1e_12.0.2"},"C:\\Users\\MARIAM IBRAHIM\\Desktop\\andela\\storemanager\\server\\controllers\\store.js":{"path":"C:\\Users\\MARIAM IBRAHIM\\Desktop\\andela\\storemanager\\server\\controllers\\store.js","statementMap":{"0":{"start":{"line":3,"column":0},"end":{"line":5,"column":3}},"1":{"start":{"line":7,"column":19},"end":{"line":7,"column":563}},"2":{"start":{"line":7,"column":76},"end":{"line":7,"column":347}},"3":{"start":{"line":7,"column":134},"end":{"line":7,"column":142}},"4":{"start":{"line":7,"column":144},"end":{"line":7,"column":199}},"5":{"start":{"line":7,"column":200},"end":{"line":7,"column":231}},"6":{"start":{"line":7,"column":232},"end":{"line":7,"column":286}},"7":{"start":{"line":7,"column":259},"end":{"line":7,"column":286}},"8":{"start":{"line":7,"column":287},"end":{"line":7,"column":345}},"9":{"start":{"line":7,"column":350},"end":{"line":7,"column":559}},"10":{"start":{"line":7,"column":407},"end":{"line":7,"column":475}},"11":{"start":{"line":7,"column":423},"end":{"line":7,"column":475}},"12":{"start":{"line":7,"column":476},"end":{"line":7,"column":536}},"13":{"start":{"line":7,"column":493},"end":{"line":7,"column":536}},"14":{"start":{"line":7,"column":537},"end":{"line":7,"column":556}},"15":{"start":{"line":9,"column":15},"end":{"line":9,"column":33}},"16":{"start":{"line":11,"column":16},"end":{"line":11,"column":48}},"17":{"start":{"line":13,"column":20},"end":{"line":13,"column":54}},"18":{"start":{"line":15,"column":21},"end":{"line":15,"column":55}},"19":{"start":{"line":17,"column":15},"end":{"line":17,"column":43}},"20":{"start":{"line":19,"column":16},"end":{"line":19,"column":48}},"21":{"start":{"line":21,"column":18},"end":{"line":21,"column":50}},"22":{"start":{"line":23,"column":39},"end":{"line":23,"column":93}},"23":{"start":{"line":25,"column":50},"end":{"line":25,"column":151}},"24":{"start":{"line":25,"column":92},"end":{"line":25,"column":149}},"25":{"start":{"line":27,"column":15},"end":{"line":251,"column":3}},"26":{"start":{"line":29,"column":4},"end":{"line":29,"column":36}},"27":{"start":{"line":32,"column":2},"end":{"line":248,"column":6}},"28":{"start":{"line":35,"column":22},"end":{"line":35,"column":30}},"29":{"start":{"line":36,"column":17},"end":{"line":36,"column":31}},"30":{"start":{"line":37,"column":21},"end":{"line":37,"column":39}},"31":{"start":{"line":38,"column":18},"end":{"line":38,"column":33}},"32":{"start":{"line":39,"column":18},"end":{"line":39,"column":33}},"33":{"start":{"line":40,"column":21},"end":{"line":40,"column":39}},"34":{"start":{"line":42,"column":16},"end":{"line":42,"column":121}},"35":{"start":{"line":43,"column":24},"end":{"line":43,"column":46}},"36":{"start":{"line":44,"column":6},"end":{"line":48,"column":9}},"37":{"start":{"line":53,"column":23},"end":{"line":53,"column":31}},"38":{"start":{"line":54,"column":17},"end":{"line":54,"column":32}},"39":{"start":{"line":55,"column":21},"end":{"line":55,"column":40}},"40":{"start":{"line":56,"column":18},"end":{"line":56,"column":34}},"41":{"start":{"line":57,"column":18},"end":{"line":57,"column":34}},"42":{"start":{"line":58,"column":21},"end":{"line":58,"column":40}},"43":{"start":{"line":60,"column":16},"end":{"line":60,"column":121}},"44":{"start":{"line":61,"column":20},"end":{"line":61,"column":46}},"45":{"start":{"line":62,"column":6},"end":{"line":66,"column":9}},"46":{"start":{"line":71,"column":15},"end":{"line":71,"column":42}},"47":{"start":{"line":72,"column":23},"end":{"line":72,"column":31}},"48":{"start":{"line":73,"column":17},"end":{"line":73,"column":32}},"49":{"start":{"line":74,"column":21},"end":{"line":74,"column":40}},"50":{"start":{"line":75,"column":18},"end":{"line":75,"column":34}},"51":{"start":{"line":76,"column":18},"end":{"line":76,"column":34}},"52":{"start":{"line":77,"column":21},"end":{"line":77,"column":40}},"53":{"start":{"line":79,"column":16},"end":{"line":79,"column":121}},"54":{"start":{"line":80,"column":20},"end":{"line":80,"column":47}},"55":{"start":{"line":81,"column":6},"end":{"line":85,"column":9}},"56":{"start":{"line":90,"column":15},"end":{"line":90,"column":42}},"57":{"start":{"line":91,"column":23},"end":{"line":91,"column":31}},"58":{"start":{"line":92,"column":17},"end":{"line":92,"column":32}},"59":{"start":{"line":93,"column":21},"end":{"line":93,"column":40}},"60":{"start":{"line":94,"column":18},"end":{"line":94,"column":34}},"61":{"start":{"line":95,"column":18},"end":{"line":95,"column":34}},"62":{"start":{"line":96,"column":21},"end":{"line":96,"column":40}},"63":{"start":{"line":98,"column":16},"end":{"line":98,"column":121}},"64":{"start":{"line":99,"column":20},"end":{"line":99,"column":44}},"65":{"start":{"line":100,"column":6},"end":{"line":106,"column":7}},"66":{"start":{"line":101,"column":8},"end":{"line":105,"column":11}},"67":{"start":{"line":107,"column":6},"end":{"line":110,"column":9}},"68":{"start":{"line":115,"column":15},"end":{"line":115,"column":42}},"69":{"start":{"line":116,"column":23},"end":{"line":116,"column":31}},"70":{"start":{"line":117,"column":17},"end":{"line":117,"column":32}},"71":{"start":{"line":118,"column":21},"end":{"line":118,"column":40}},"72":{"start":{"line":119,"column":18},"end":{"line":119,"column":34}},"73":{"start":{"line":120,"column":18},"end":{"line":120,"column":34}},"74":{"start":{"line":121,"column":21},"end":{"line":121,"column":40}},"75":{"start":{"line":123,"column":16},"end":{"line":123,"column":121}},"76":{"start":{"line":124,"column":20},"end":{"line":124,"column":47}},"77":{"start":{"line":125,"column":21},"end":{"line":125,"column":33}},"78":{"start":{"line":126,"column":6},"end":{"line":131,"column":7}},"79":{"start":{"line":127,"column":8},"end":{"line":130,"column":11}},"80":{"start":{"line":133,"column":6},"end":{"line":137,"column":9}},"81":{"start":{"line":142,"column":21},"end":{"line":142,"column":38}},"82":{"start":{"line":144,"column":16},"end":{"line":144,"column":61}},"83":{"start":{"line":145,"column":23},"end":{"line":145,"column":46}},"84":{"start":{"line":146,"column":6},"end":{"line":150,"column":9}},"85":{"start":{"line":155,"column":23},"end":{"line":155,"column":31}},"86":{"start":{"line":156,"column":17},"end":{"line":156,"column":32}},"87":{"start":{"line":157,"column":21},"end":{"line":157,"column":40}},"88":{"start":{"line":158,"column":18},"end":{"line":158,"column":34}},"89":{"start":{"line":159,"column":18},"end":{"line":159,"column":34}},"90":{"start":{"line":160,"column":21},"end":{"line":160,"column":40}},"91":{"start":{"line":162,"column":16},"end":{"line":162,"column":121}},"92":{"start":{"line":163,"column":23},"end":{"line":163,"column":48}},"93":{"start":{"line":164,"column":6},"end":{"line":168,"column":9}},"94":{"start":{"line":173,"column":15},"end":{"line":173,"column":42}},"95":{"start":{"line":174,"column":21},"end":{"line":174,"column":38}},"96":{"start":{"line":176,"column":16},"end":{"line":176,"column":61}},"97":{"start":{"line":177,"column":20},"end":{"line":177,"column":48}},"98":{"start":{"line":178,"column":6},"end":{"line":182,"column":9}},"99":{"start":{"line":187,"column":23},"end":{"line":187,"column":31}},"100":{"start":{"line":188,"column":23},"end":{"line":188,"column":44}},"101":{"start":{"line":189,"column":18},"end":{"line":189,"column":34}},"102":{"start":{"line":190,"column":24},"end":{"line":190,"column":46}},"103":{"start":{"line":191,"column":21},"end":{"line":191,"column":40}},"104":{"start":{"line":193,"column":16},"end":{"line":193,"column":125}},"105":{"start":{"line":194,"column":18},"end":{"line":194,"column":38}},"106":{"start":{"line":195,"column":6},"end":{"line":199,"column":9}},"107":{"start":{"line":204,"column":19},"end":{"line":204,"column":29}},"108":{"start":{"line":205,"column":21},"end":{"line":205,"column":33}},"109":{"start":{"line":207,"column":6},"end":{"line":207,"column":28}},"110":{"start":{"line":208,"column":15},"end":{"line":208,"column":42}},"111":{"start":{"line":209,"column":23},"end":{"line":209,"column":31}},"112":{"start":{"line":210,"column":23},"end":{"line":210,"column":44}},"113":{"start":{"line":211,"column":18},"end":{"line":211,"column":34}},"114":{"start":{"line":212,"column":24},"end":{"line":212,"column":46}},"115":{"start":{"line":213,"column":21},"end":{"line":213,"column":40}},"116":{"start":{"line":215,"column":16},"end":{"line":215,"column":125}},"117":{"start":{"line":216,"column":18},"end":{"line":216,"column":49}},"118":{"start":{"line":217,"column":6},"end":{"line":228,"column":7}},"119":{"start":{"line":218,"column":8},"end":{"line":222,"column":11}},"120":{"start":{"line":224,"column":8},"end":{"line":227,"column":11}},"121":{"start":{"line":233,"column":15},"end":{"line":233,"column":42}},"122":{"start":{"line":234,"column":23},"end":{"line":234,"column":31}},"123":{"start":{"line":235,"column":23},"end":{"line":235,"column":44}},"124":{"start":{"line":236,"column":18},"end":{"line":236,"column":34}},"125":{"start":{"line":237,"column":24},"end":{"line":237,"column":46}},"126":{"start":{"line":238,"column":21},"end":{"line":238,"column":40}},"127":{"start":{"line":240,"column":16},"end":{"line":240,"column":125}},"128":{"start":{"line":241,"column":19},"end":{"line":241,"column":40}},"129":{"start":{"line":242,"column":6},"end":{"line":246,"column":9}},"130":{"start":{"line":250,"column":2},"end":{"line":250,"column":18}},"131":{"start":{"line":253,"column":0},"end":{"line":253,"column":27}}},"fnMap":{"0":{"name":"(anonymous_0)","decl":{"start":{"line":7,"column":19},"end":{"line":7,"column":20}},"loc":{"start":{"line":7,"column":31},"end":{"line":7,"column":561}},"line":7},"1":{"name":"defineProperties","decl":{"start":{"line":7,"column":42},"end":{"line":7,"column":58}},"loc":{"start":{"line":7,"column":74},"end":{"line":7,"column":349}},"line":7},"2":{"name":"(anonymous_2)","decl":{"start":{"line":7,"column":357},"end":{"line":7,"column":358}},"loc":{"start":{"line":7,"column":405},"end":{"line":7,"column":558}},"line":7},"3":{"name":"_interopRequireDefault","decl":{"start":{"line":23,"column":9},"end":{"line":23,"column":31}},"loc":{"start":{"line":23,"column":37},"end":{"line":23,"column":95}},"line":23},"4":{"name":"_classCallCheck","decl":{"start":{"line":25,"column":9},"end":{"line":25,"column":24}},"loc":{"start":{"line":25,"column":48},"end":{"line":25,"column":153}},"line":25},"5":{"name":"(anonymous_5)","decl":{"start":{"line":27,"column":15},"end":{"line":27,"column":16}},"loc":{"start":{"line":27,"column":27},"end":{"line":251,"column":1}},"line":27},"6":{"name":"Products","decl":{"start":{"line":28,"column":11},"end":{"line":28,"column":19}},"loc":{"start":{"line":28,"column":22},"end":{"line":30,"column":3}},"line":28},"7":{"name":"addProduct","decl":{"start":{"line":34,"column":26},"end":{"line":34,"column":36}},"loc":{"start":{"line":34,"column":47},"end":{"line":49,"column":5}},"line":34},"8":{"name":"getAllProducts","decl":{"start":{"line":52,"column":26},"end":{"line":52,"column":40}},"loc":{"start":{"line":52,"column":51},"end":{"line":67,"column":5}},"line":52},"9":{"name":"deleteProduct","decl":{"start":{"line":70,"column":26},"end":{"line":70,"column":39}},"loc":{"start":{"line":70,"column":50},"end":{"line":86,"column":5}},"line":70},"10":{"name":"getProduct","decl":{"start":{"line":89,"column":26},"end":{"line":89,"column":36}},"loc":{"start":{"line":89,"column":47},"end":{"line":111,"column":5}},"line":89},"11":{"name":"updateProduct","decl":{"start":{"line":114,"column":26},"end":{"line":114,"column":39}},"loc":{"start":{"line":114,"column":50},"end":{"line":138,"column":5}},"line":114},"12":{"name":"addCategory","decl":{"start":{"line":141,"column":26},"end":{"line":141,"column":37}},"loc":{"start":{"line":141,"column":48},"end":{"line":151,"column":5}},"line":141},"13":{"name":"getAllCategories","decl":{"start":{"line":154,"column":26},"end":{"line":154,"column":42}},"loc":{"start":{"line":154,"column":53},"end":{"line":169,"column":5}},"line":154},"14":{"name":"deleteCategory","decl":{"start":{"line":172,"column":26},"end":{"line":172,"column":40}},"loc":{"start":{"line":172,"column":51},"end":{"line":183,"column":5}},"line":172},"15":{"name":"newOrder","decl":{"start":{"line":186,"column":26},"end":{"line":186,"column":34}},"loc":{"start":{"line":186,"column":45},"end":{"line":200,"column":5}},"line":186},"16":{"name":"getAttendantorder","decl":{"start":{"line":203,"column":26},"end":{"line":203,"column":43}},"loc":{"start":{"line":203,"column":54},"end":{"line":229,"column":5}},"line":203},"17":{"name":"getAllOrders","decl":{"start":{"line":232,"column":26},"end":{"line":232,"column":38}},"loc":{"start":{"line":232,"column":49},"end":{"line":247,"column":5}},"line":232}},"branchMap":{"0":{"loc":{"start":{"line":7,"column":168},"end":{"line":7,"column":198}},"type":"binary-expr","locations":[{"start":{"line":7,"column":168},"end":{"line":7,"column":189}},{"start":{"line":7,"column":193},"end":{"line":7,"column":198}}],"line":7},"1":{"loc":{"start":{"line":7,"column":232},"end":{"line":7,"column":286}},"type":"if","locations":[{"start":{"line":7,"column":232},"end":{"line":7,"column":286}},{"start":{"line":7,"column":232},"end":{"line":7,"column":286}}],"line":7},"2":{"loc":{"start":{"line":7,"column":407},"end":{"line":7,"column":475}},"type":"if","locations":[{"start":{"line":7,"column":407},"end":{"line":7,"column":475}},{"start":{"line":7,"column":407},"end":{"line":7,"column":475}}],"line":7},"3":{"loc":{"start":{"line":7,"column":476},"end":{"line":7,"column":536}},"type":"if","locations":[{"start":{"line":7,"column":476},"end":{"line":7,"column":536}},{"start":{"line":7,"column":476},"end":{"line":7,"column":536}}],"line":7},"4":{"loc":{"start":{"line":23,"column":46},"end":{"line":23,"column":92}},"type":"cond-expr","locations":[{"start":{"line":23,"column":70},"end":{"line":23,"column":73}},{"start":{"line":23,"column":76},"end":{"line":23,"column":92}}],"line":23},"5":{"loc":{"start":{"line":23,"column":46},"end":{"line":23,"column":67}},"type":"binary-expr","locations":[{"start":{"line":23,"column":46},"end":{"line":23,"column":49}},{"start":{"line":23,"column":53},"end":{"line":23,"column":67}}],"line":23},"6":{"loc":{"start":{"line":25,"column":50},"end":{"line":25,"column":151}},"type":"if","locations":[{"start":{"line":25,"column":50},"end":{"line":25,"column":151}},{"start":{"line":25,"column":50},"end":{"line":25,"column":151}}],"line":25},"7":{"loc":{"start":{"line":100,"column":6},"end":{"line":106,"column":7}},"type":"if","locations":[{"start":{"line":100,"column":6},"end":{"line":106,"column":7}},{"start":{"line":100,"column":6},"end":{"line":106,"column":7}}],"line":100},"8":{"loc":{"start":{"line":126,"column":6},"end":{"line":131,"column":7}},"type":"if","locations":[{"start":{"line":126,"column":6},"end":{"line":131,"column":7}},{"start":{"line":126,"column":6},"end":{"line":131,"column":7}}],"line":126},"9":{"loc":{"start":{"line":217,"column":6},"end":{"line":228,"column":7}},"type":"if","locations":[{"start":{"line":217,"column":6},"end":{"line":228,"column":7}},{"start":{"line":217,"column":6},"end":{"line":228,"column":7}}],"line":217},"10":{"loc":{"start":{"line":217,"column":10},"end":{"line":217,"column":56}},"type":"binary-expr","locations":[{"start":{"line":217,"column":10},"end":{"line":217,"column":38}},{"start":{"line":217,"column":42},"end":{"line":217,"column":56}}],"line":217}},"s":{"0":1,"1":1,"2":1,"3":11,"4":11,"5":11,"6":11,"7":11,"8":11,"9":1,"10":1,"11":0,"12":1,"13":1,"14":1,"15":1,"16":1,"17":1,"18":1,"19":1,"20":1,"21":1,"22":2,"23":0,"24":0,"25":1,"26":0,"27":1,"28":0,"29":0,"30":0,"31":0,"32":0,"33":0,"34":0,"35":0,"36":0,"37":0,"38":0,"39":0,"40":0,"41":0,"42":0,"43":0,"44":0,"45":0,"46":0,"47":0,"48":0,"49":0,"50":0,"51":0,"52":0,"53":0,"54":0,"55":0,"56":0,"57":0,"58":0,"59":0,"60":0,"61":0,"62":0,"63":0,"64":0,"65":0,"66":0,"67":0,"68":0,"69":0,"70":0,"71":0,"72":0,"73":0,"74":0,"75":0,"76":0,"77":0,"78":0,"79":0,"80":0,"81":0,"82":0,"83":0,"84":0,"85":0,"86":0,"87":0,"88":0,"89":0,"90":0,"91":0,"92":0,"93":0,"94":0,"95":0,"96":0,"97":0,"98":0,"99":0,"100":0,"101":0,"102":0,"103":0,"104":0,"105":0,"106":0,"107":0,"108":0,"109":0,"110":0,"111":0,"112":0,"113":0,"114":0,"115":0,"116":0,"117":0,"118":0,"119":0,"120":0,"121":0,"122":0,"123":0,"124":0,"125":0,"126":0,"127":0,"128":0,"129":0,"130":1,"131":1},"f":{"0":1,"1":1,"2":1,"3":2,"4":0,"5":1,"6":0,"7":0,"8":0,"9":0,"10":0,"11":0,"12":0,"13":0,"14":0,"15":0,"16":0,"17":0},"b":{"0":[11,11],"1":[11,0],"2":[0,1],"3":[1,0],"4":[1,1],"5":[2,2],"6":[0,0],"7":[0,0],"8":[0,0],"9":[0,0],"10":[0,0]},"_coverageSchema":"d34fc3e6b8297bcde183f5492bcb8fcb36775295","hash":"b3aa40bffa2ed14b9819e0190a210163eedecbd9","contentHash":"702565ab95477d3ad950063b0c732166_12.0.2"},"C:\\Users\\MARIAM IBRAHIM\\Desktop\\andela\\storemanager\\server\\helpers\\productarray.js":{"path":"C:\\Users\\MARIAM IBRAHIM\\Desktop\\andela\\storemanager\\server\\helpers\\productarray.js","statementMap":{"0":{"start":{"line":3,"column":0},"end":{"line":5,"column":3}},"1":{"start":{"line":8,"column":9},"end":{"line":8,"column":10}},"2":{"start":{"line":9,"column":14},"end":{"line":9,"column":138}},"3":{"start":{"line":11,"column":12},"end":{"line":16,"column":2}},"4":{"start":{"line":18,"column":15},"end":{"line":21,"column":2}},"5":{"start":{"line":23,"column":0},"end":{"line":23,"column":26}},"6":{"start":{"line":24,"column":0},"end":{"line":24,"column":22}},"7":{"start":{"line":25,"column":0},"end":{"line":25,"column":28}}},"fnMap":{},"branchMap":{},"s":{"0":1,"1":1,"2":1,"3":1,"4":1,"5":1,"6":1,"7":1},"f":{},"b":{},"_coverageSchema":"d34fc3e6b8297bcde183f5492bcb8fcb36775295","hash":"bf853b840697b9d9a8c300f1deec2f2cc32aacee","contentHash":"aa69fa7af9e52ac0e5b0b3ee572f9854_12.0.2"},"C:\\Users\\MARIAM IBRAHIM\\Desktop\\andela\\storemanager\\server\\models\\productsModel.js":{"path":"C:\\Users\\MARIAM IBRAHIM\\Desktop\\andela\\storemanager\\server\\models\\productsModel.js","statementMap":{"0":{"start":{"line":3,"column":0},"end":{"line":5,"column":3}},"1":{"start":{"line":7,"column":12},"end":{"line":9,"column":1}},"2":{"start":{"line":8,"column":4},"end":{"line":8,"column":114}},"3":{"start":{"line":11,"column":13},"end":{"line":13,"column":1}},"4":{"start":{"line":12,"column":4},"end":{"line":12,"column":88}},"5":{"start":{"line":15,"column":20},"end":{"line":17,"column":1}},"6":{"start":{"line":16,"column":4},"end":{"line":16,"column":42}},"7":{"start":{"line":19,"column":0},"end":{"line":19,"column":22}},"8":{"start":{"line":20,"column":0},"end":{"line":20,"column":24}},"9":{"start":{"line":21,"column":0},"end":{"line":21,"column":38}}},"fnMap":{"0":{"name":"Prods","decl":{"start":{"line":7,"column":21},"end":{"line":7,"column":26}},"loc":{"start":{"line":7,"column":77},"end":{"line":9,"column":1}},"line":7},"1":{"name":"orders","decl":{"start":{"line":11,"column":22},"end":{"line":11,"column":28}},"loc":{"start":{"line":11,"column":66},"end":{"line":13,"column":1}},"line":11},"2":{"name":"categoryArray","decl":{"start":{"line":15,"column":29},"end":{"line":15,"column":42}},"loc":{"start":{"line":15,"column":57},"end":{"line":17,"column":1}},"line":15}},"branchMap":{},"s":{"0":1,"1":1,"2":0,"3":1,"4":0,"5":1,"6":0,"7":1,"8":1,"9":1},"f":{"0":0,"1":0,"2":0},"b":{},"_coverageSchema":"d34fc3e6b8297bcde183f5492bcb8fcb36775295","hash":"726a7b0bac631ca0c531c5d03199d0fb2170417f","contentHash":"cf5b0067d05c4df9504afa9143b056c2_12.0.2"},"C:\\Users\\MARIAM IBRAHIM\\Desktop\\andela\\storemanager\\server\\models\\queries.js":{"path":"C:\\Users\\MARIAM IBRAHIM\\Desktop\\andela\\storemanager\\server\\models\\queries.js","statementMap":{"0":{"start":{"line":3,"column":0},"end":{"line":5,"column":3}},"1":{"start":{"line":7,"column":19},"end":{"line":7,"column":563}},"2":{"start":{"line":7,"column":76},"end":{"line":7,"column":347}},"3":{"start":{"line":7,"column":134},"end":{"line":7,"column":142}},"4":{"start":{"line":7,"column":144},"end":{"line":7,"column":199}},"5":{"start":{"line":7,"column":200},"end":{"line":7,"column":231}},"6":{"start":{"line":7,"column":232},"end":{"line":7,"column":286}},"7":{"start":{"line":7,"column":259},"end":{"line":7,"column":286}},"8":{"start":{"line":7,"column":287},"end":{"line":7,"column":345}},"9":{"start":{"line":7,"column":350},"end":{"line":7,"column":559}},"10":{"start":{"line":7,"column":407},"end":{"line":7,"column":475}},"11":{"start":{"line":7,"column":423},"end":{"line":7,"column":475}},"12":{"start":{"line":7,"column":476},"end":{"line":7,"column":536}},"13":{"start":{"line":7,"column":493},"end":{"line":7,"column":536}},"14":{"start":{"line":7,"column":537},"end":{"line":7,"column":556}},"15":{"start":{"line":9,"column":15},"end":{"line":9,"column":33}},"16":{"start":{"line":11,"column":16},"end":{"line":11,"column":48}},"17":{"start":{"line":13,"column":18},"end":{"line":13,"column":50}},"18":{"start":{"line":15,"column":19},"end":{"line":15,"column":54}},"19":{"start":{"line":17,"column":14},"end":{"line":17,"column":31}},"20":{"start":{"line":19,"column":39},"end":{"line":19,"column":93}},"21":{"start":{"line":21,"column":50},"end":{"line":21,"column":151}},"22":{"start":{"line":21,"column":92},"end":{"line":21,"column":149}},"23":{"start":{"line":23,"column":14},"end":{"line":126,"column":3}},"24":{"start":{"line":25,"column":15},"end":{"line":25,"column":24}},"25":{"start":{"line":26,"column":19},"end":{"line":26,"column":32}},"26":{"start":{"line":27,"column":16},"end":{"line":27,"column":26}},"27":{"start":{"line":28,"column":16},"end":{"line":28,"column":26}},"28":{"start":{"line":29,"column":19},"end":{"line":29,"column":32}},"29":{"start":{"line":30,"column":21},"end":{"line":30,"column":36}},"30":{"start":{"line":31,"column":16},"end":{"line":31,"column":26}},"31":{"start":{"line":32,"column":22},"end":{"line":32,"column":38}},"32":{"start":{"line":34,"column":4},"end":{"line":34,"column":35}},"33":{"start":{"line":36,"column":4},"end":{"line":36,"column":21}},"34":{"start":{"line":37,"column":4},"end":{"line":37,"column":29}},"35":{"start":{"line":38,"column":4},"end":{"line":38,"column":23}},"36":{"start":{"line":39,"column":4},"end":{"line":39,"column":23}},"37":{"start":{"line":40,"column":4},"end":{"line":40,"column":29}},"38":{"start":{"line":41,"column":4},"end":{"line":41,"column":33}},"39":{"start":{"line":42,"column":4},"end":{"line":42,"column":23}},"40":{"start":{"line":43,"column":4},"end":{"line":43,"column":35}},"41":{"start":{"line":44,"column":4},"end":{"line":44,"column":29}},"42":{"start":{"line":47,"column":2},"end":{"line":123,"column":6}},"43":{"start":{"line":50,"column":28},"end":{"line":50,"column":167}},"44":{"start":{"line":51,"column":23},"end":{"line":51,"column":139}},"45":{"start":{"line":52,"column":6},"end":{"line":52,"column":32}},"46":{"start":{"line":57,"column":32},"end":{"line":57,"column":63}},"47":{"start":{"line":58,"column":27},"end":{"line":58,"column":80}},"48":{"start":{"line":59,"column":6},"end":{"line":59,"column":33}},"49":{"start":{"line":64,"column":26},"end":{"line":64,"column":101}},"50":{"start":{"line":65,"column":6},"end":{"line":65,"column":75}},"51":{"start":{"line":65,"column":40},"end":{"line":65,"column":75}},"52":{"start":{"line":66,"column":6},"end":{"line":66,"column":32}},"53":{"start":{"line":71,"column":23},"end":{"line":71,"column":100}},"54":{"start":{"line":72,"column":6},"end":{"line":72,"column":72}},"55":{"start":{"line":72,"column":37},"end":{"line":72,"column":72}},"56":{"start":{"line":73,"column":6},"end":{"line":73,"column":32}},"57":{"start":{"line":78,"column":26},"end":{"line":78,"column":298}},"58":{"start":{"line":79,"column":6},"end":{"line":79,"column":27}},"59":{"start":{"line":84,"column":24},"end":{"line":84,"column":111}},"60":{"start":{"line":85,"column":26},"end":{"line":85,"column":88}},"61":{"start":{"line":86,"column":6},"end":{"line":86,"column":35}},"62":{"start":{"line":91,"column":26},"end":{"line":91,"column":53}},"63":{"start":{"line":92,"column":29},"end":{"line":92,"column":76}},"64":{"start":{"line":93,"column":6},"end":{"line":93,"column":30}},"65":{"start":{"line":98,"column":27},"end":{"line":98,"column":104}},"66":{"start":{"line":99,"column":6},"end":{"line":99,"column":79}},"67":{"start":{"line":99,"column":41},"end":{"line":99,"column":79}},"68":{"start":{"line":100,"column":6},"end":{"line":100,"column":33}},"69":{"start":{"line":105,"column":29},"end":{"line":105,"column":164}},"70":{"start":{"line":106,"column":24},"end":{"line":106,"column":138}},"71":{"start":{"line":107,"column":6},"end":{"line":107,"column":33}},"72":{"start":{"line":112,"column":30},"end":{"line":112,"column":69}},"73":{"start":{"line":113,"column":21},"end":{"line":113,"column":72}},"74":{"start":{"line":114,"column":6},"end":{"line":114,"column":27}},"75":{"start":{"line":119,"column":25},"end":{"line":119,"column":48}},"76":{"start":{"line":120,"column":18},"end":{"line":120,"column":64}},"77":{"start":{"line":121,"column":6},"end":{"line":121,"column":24}},"78":{"start":{"line":125,"column":2},"end":{"line":125,"column":17}},"79":{"start":{"line":128,"column":0},"end":{"line":128,"column":26}}},"fnMap":{"0":{"name":"(anonymous_0)","decl":{"start":{"line":7,"column":19},"end":{"line":7,"column":20}},"loc":{"start":{"line":7,"column":31},"end":{"line":7,"column":561}},"line":7},"1":{"name":"defineProperties","decl":{"start":{"line":7,"column":42},"end":{"line":7,"column":58}},"loc":{"start":{"line":7,"column":74},"end":{"line":7,"column":349}},"line":7},"2":{"name":"(anonymous_2)","decl":{"start":{"line":7,"column":357},"end":{"line":7,"column":358}},"loc":{"start":{"line":7,"column":405},"end":{"line":7,"column":558}},"line":7},"3":{"name":"_interopRequireDefault","decl":{"start":{"line":19,"column":9},"end":{"line":19,"column":31}},"loc":{"start":{"line":19,"column":37},"end":{"line":19,"column":95}},"line":19},"4":{"name":"_classCallCheck","decl":{"start":{"line":21,"column":9},"end":{"line":21,"column":24}},"loc":{"start":{"line":21,"column":48},"end":{"line":21,"column":153}},"line":21},"5":{"name":"(anonymous_5)","decl":{"start":{"line":23,"column":14},"end":{"line":23,"column":15}},"loc":{"start":{"line":23,"column":26},"end":{"line":126,"column":1}},"line":23},"6":{"name":"queries","decl":{"start":{"line":24,"column":11},"end":{"line":24,"column":18}},"loc":{"start":{"line":24,"column":25},"end":{"line":45,"column":3}},"line":24},"7":{"name":"addProduct","decl":{"start":{"line":49,"column":26},"end":{"line":49,"column":36}},"loc":{"start":{"line":49,"column":39},"end":{"line":53,"column":5}},"line":49},"8":{"name":"getAllProducts","decl":{"start":{"line":56,"column":26},"end":{"line":56,"column":40}},"loc":{"start":{"line":56,"column":43},"end":{"line":60,"column":5}},"line":56},"9":{"name":"deleteProduct","decl":{"start":{"line":63,"column":26},"end":{"line":63,"column":39}},"loc":{"start":{"line":63,"column":44},"end":{"line":67,"column":5}},"line":63},"10":{"name":"getProduct","decl":{"start":{"line":70,"column":26},"end":{"line":70,"column":36}},"loc":{"start":{"line":70,"column":41},"end":{"line":74,"column":5}},"line":70},"11":{"name":"updateProduct","decl":{"start":{"line":77,"column":26},"end":{"line":77,"column":39}},"loc":{"start":{"line":77,"column":44},"end":{"line":80,"column":5}},"line":77},"12":{"name":"addCategory","decl":{"start":{"line":83,"column":26},"end":{"line":83,"column":37}},"loc":{"start":{"line":83,"column":40},"end":{"line":87,"column":5}},"line":83},"13":{"name":"getCategories","decl":{"start":{"line":90,"column":26},"end":{"line":90,"column":39}},"loc":{"start":{"line":90,"column":42},"end":{"line":94,"column":5}},"line":90},"14":{"name":"deleteCategory","decl":{"start":{"line":97,"column":26},"end":{"line":97,"column":40}},"loc":{"start":{"line":97,"column":45},"end":{"line":101,"column":5}},"line":97},"15":{"name":"newOrder","decl":{"start":{"line":104,"column":26},"end":{"line":104,"column":34}},"loc":{"start":{"line":104,"column":37},"end":{"line":108,"column":5}},"line":104},"16":{"name":"getattendantOrder","decl":{"start":{"line":111,"column":26},"end":{"line":111,"column":43}},"loc":{"start":{"line":111,"column":48},"end":{"line":115,"column":5}},"line":111},"17":{"name":"allorders","decl":{"start":{"line":118,"column":26},"end":{"line":118,"column":35}},"loc":{"start":{"line":118,"column":38},"end":{"line":122,"column":5}},"line":118}},"branchMap":{"0":{"loc":{"start":{"line":7,"column":168},"end":{"line":7,"column":198}},"type":"binary-expr","locations":[{"start":{"line":7,"column":168},"end":{"line":7,"column":189}},{"start":{"line":7,"column":193},"end":{"line":7,"column":198}}],"line":7},"1":{"loc":{"start":{"line":7,"column":232},"end":{"line":7,"column":286}},"type":"if","locations":[{"start":{"line":7,"column":232},"end":{"line":7,"column":286}},{"start":{"line":7,"column":232},"end":{"line":7,"column":286}}],"line":7},"2":{"loc":{"start":{"line":7,"column":407},"end":{"line":7,"column":475}},"type":"if","locations":[{"start":{"line":7,"column":407},"end":{"line":7,"column":475}},{"start":{"line":7,"column":407},"end":{"line":7,"column":475}}],"line":7},"3":{"loc":{"start":{"line":7,"column":476},"end":{"line":7,"column":536}},"type":"if","locations":[{"start":{"line":7,"column":476},"end":{"line":7,"column":536}},{"start":{"line":7,"column":476},"end":{"line":7,"column":536}}],"line":7},"4":{"loc":{"start":{"line":19,"column":46},"end":{"line":19,"column":92}},"type":"cond-expr","locations":[{"start":{"line":19,"column":70},"end":{"line":19,"column":73}},{"start":{"line":19,"column":76},"end":{"line":19,"column":92}}],"line":19},"5":{"loc":{"start":{"line":19,"column":46},"end":{"line":19,"column":67}},"type":"binary-expr","locations":[{"start":{"line":19,"column":46},"end":{"line":19,"column":49}},{"start":{"line":19,"column":53},"end":{"line":19,"column":67}}],"line":19},"6":{"loc":{"start":{"line":21,"column":50},"end":{"line":21,"column":151}},"type":"if","locations":[{"start":{"line":21,"column":50},"end":{"line":21,"column":151}},{"start":{"line":21,"column":50},"end":{"line":21,"column":151}}],"line":21},"7":{"loc":{"start":{"line":65,"column":6},"end":{"line":65,"column":75}},"type":"if","locations":[{"start":{"line":65,"column":6},"end":{"line":65,"column":75}},{"start":{"line":65,"column":6},"end":{"line":65,"column":75}}],"line":65},"8":{"loc":{"start":{"line":72,"column":6},"end":{"line":72,"column":72}},"type":"if","locations":[{"start":{"line":72,"column":6},"end":{"line":72,"column":72}},{"start":{"line":72,"column":6},"end":{"line":72,"column":72}}],"line":72},"9":{"loc":{"start":{"line":99,"column":6},"end":{"line":99,"column":79}},"type":"if","locations":[{"start":{"line":99,"column":6},"end":{"line":99,"column":79}},{"start":{"line":99,"column":6},"end":{"line":99,"column":79}}],"line":99}},"s":{"0":1,"1":1,"2":1,"3":11,"4":11,"5":11,"6":11,"7":11,"8":11,"9":1,"10":1,"11":1,"12":1,"13":0,"14":1,"15":1,"16":1,"17":1,"18":1,"19":1,"20":2,"21":0,"22":0,"23":1,"24":0,"25":0,"26":0,"27":0,"28":0,"29":0,"30":0,"31":0,"32":0,"33":0,"34":0,"35":0,"36":0,"37":0,"38":0,"39":0,"40":0,"41":0,"42":1,"43":0,"44":0,"45":0,"46":0,"47":0,"48":0,"49":0,"50":0,"51":0,"52":0,"53":0,"54":0,"55":0,"56":0,"57":0,"58":0,"59":0,"60":0,"61":0,"62":0,"63":0,"64":0,"65":0,"66":0,"67":0,"68":0,"69":0,"70":0,"71":0,"72":0,"73":0,"74":0,"75":0,"76":0,"77":0,"78":1,"79":1},"f":{"0":1,"1":1,"2":1,"3":2,"4":0,"5":1,"6":0,"7":0,"8":0,"9":0,"10":0,"11":0,"12":0,"13":0,"14":0,"15":0,"16":0,"17":0},"b":{"0":[11,11],"1":[11,0],"2":[1,0],"3":[0,1],"4":[1,1],"5":[2,2],"6":[0,0],"7":[0,0],"8":[0,0],"9":[0,0]},"_coverageSchema":"d34fc3e6b8297bcde183f5492bcb8fcb36775295","hash":"17cbf6e4df7e140a120e90f1af8cc8b2958a5731","contentHash":"6b7d06719c8aa8c51028340cf93c5c0f_12.0.2"},"C:\\Users\\MARIAM IBRAHIM\\Desktop\\andela\\storemanager\\server\\helpers\\connection.js":{"path":"C:\\Users\\MARIAM IBRAHIM\\Desktop\\andela\\storemanager\\server\\helpers\\connection.js","statementMap":{"0":{"start":{"line":3,"column":0},"end":{"line":5,"column":3}},"1":{"start":{"line":7,"column":14},"end":{"line":7,"column":31}},"2":{"start":{"line":9,"column":15},"end":{"line":9,"column":46}},"3":{"start":{"line":11,"column":10},"end":{"line":11,"column":23}},"4":{"start":{"line":13,"column":11},"end":{"line":13,"column":38}},"5":{"start":{"line":15,"column":20},"end":{"line":15,"column":57}},"6":{"start":{"line":17,"column":21},"end":{"line":17,"column":58}},"7":{"start":{"line":19,"column":39},"end":{"line":19,"column":93}},"8":{"start":{"line":21,"column":13},"end":{"line":26,"column":2}},"9":{"start":{"line":28,"column":0},"end":{"line":28,"column":26}},"10":{"start":{"line":30,"column":0},"end":{"line":30,"column":37}},"11":{"start":{"line":31,"column":0},"end":{"line":31,"column":17}},"12":{"start":{"line":32,"column":0},"end":{"line":32,"column":25}}},"fnMap":{"0":{"name":"_interopRequireDefault","decl":{"start":{"line":19,"column":9},"end":{"line":19,"column":31}},"loc":{"start":{"line":19,"column":37},"end":{"line":19,"column":95}},"line":19}},"branchMap":{"0":{"loc":{"start":{"line":19,"column":46},"end":{"line":19,"column":92}},"type":"cond-expr","locations":[{"start":{"line":19,"column":70},"end":{"line":19,"column":73}},{"start":{"line":19,"column":76},"end":{"line":19,"column":92}}],"line":19},"1":{"loc":{"start":{"line":19,"column":46},"end":{"line":19,"column":67}},"type":"binary-expr","locations":[{"start":{"line":19,"column":46},"end":{"line":19,"column":49}},{"start":{"line":19,"column":53},"end":{"line":19,"column":67}}],"line":19}},"s":{"0":1,"1":1,"2":1,"3":1,"4":1,"5":1,"6":1,"7":3,"8":1,"9":1,"10":1,"11":1,"12":1},"f":{"0":3},"b":{"0":[1,2],"1":[3,3]},"_coverageSchema":"d34fc3e6b8297bcde183f5492bcb8fcb36775295","hash":"9a58bd711bc93c348b1b13581760528913ba20d5","contentHash":"758134610f34d14bee6fa6714d239276_12.0.2"},"C:\\Users\\MARIAM IBRAHIM\\Desktop\\andela\\storemanager\\server\\migrations\\dbSetupQuery.js":{"path":"C:\\Users\\MARIAM IBRAHIM\\Desktop\\andela\\storemanager\\server\\migrations\\dbSetupQuery.js","statementMap":{"0":{"start":{"line":3,"column":0},"end":{"line":5,"column":3}},"1":{"start":{"line":6,"column":17},"end":{"line":6,"column":481}},"2":{"start":{"line":8,"column":21},"end":{"line":8,"column":257}},"3":{"start":{"line":10,"column":15},"end":{"line":10,"column":375}},"4":{"start":{"line":12,"column":17},"end":{"line":12,"column":235}},"5":{"start":{"line":14,"column":13},"end":{"line":14,"column":286}},"6":{"start":{"line":16,"column":17},"end":{"line":16,"column":229}},"7":{"start":{"line":18,"column":0},"end":{"line":18,"column":84}},"8":{"start":{"line":19,"column":0},"end":{"line":19,"column":32}}},"fnMap":{},"branchMap":{},"s":{"0":1,"1":1,"2":1,"3":1,"4":1,"5":1,"6":1,"7":1,"8":1},"f":{},"b":{},"_coverageSchema":"d34fc3e6b8297bcde183f5492bcb8fcb36775295","hash":"f1cfb598273bb48e2d40583929ff236bb2e66419","contentHash":"0d2e1952b75d50f7bb060ec319e4dde5_12.0.2"},"C:\\Users\\MARIAM IBRAHIM\\Desktop\\andela\\storemanager\\server\\controllers\\users.js":{"path":"C:\\Users\\MARIAM IBRAHIM\\Desktop\\andela\\storemanager\\server\\controllers\\users.js","statementMap":{"0":{"start":{"line":3,"column":0},"end":{"line":5,"column":3}},"1":{"start":{"line":7,"column":19},"end":{"line":7,"column":563}},"2":{"start":{"line":7,"column":76},"end":{"line":7,"column":347}},"3":{"start":{"line":7,"column":134},"end":{"line":7,"column":142}},"4":{"start":{"line":7,"column":144},"end":{"line":7,"column":199}},"5":{"start":{"line":7,"column":200},"end":{"line":7,"column":231}},"6":{"start":{"line":7,"column":232},"end":{"line":7,"column":286}},"7":{"start":{"line":7,"column":259},"end":{"line":7,"column":286}},"8":{"start":{"line":7,"column":287},"end":{"line":7,"column":345}},"9":{"start":{"line":7,"column":350},"end":{"line":7,"column":559}},"10":{"start":{"line":7,"column":407},"end":{"line":7,"column":475}},"11":{"start":{"line":7,"column":423},"end":{"line":7,"column":475}},"12":{"start":{"line":7,"column":476},"end":{"line":7,"column":536}},"13":{"start":{"line":7,"column":493},"end":{"line":7,"column":536}},"14":{"start":{"line":7,"column":537},"end":{"line":7,"column":556}},"15":{"start":{"line":9,"column":15},"end":{"line":9,"column":33}},"16":{"start":{"line":11,"column":16},"end":{"line":11,"column":48}},"17":{"start":{"line":13,"column":20},"end":{"line":13,"column":54}},"18":{"start":{"line":15,"column":19},"end":{"line":15,"column":51}},"19":{"start":{"line":17,"column":20},"end":{"line":17,"column":56}},"20":{"start":{"line":19,"column":39},"end":{"line":19,"column":93}},"21":{"start":{"line":21,"column":50},"end":{"line":21,"column":151}},"22":{"start":{"line":21,"column":92},"end":{"line":21,"column":149}},"23":{"start":{"line":23,"column":17},"end":{"line":204,"column":3}},"24":{"start":{"line":25,"column":4},"end":{"line":25,"column":38}},"25":{"start":{"line":28,"column":2},"end":{"line":201,"column":6}},"26":{"start":{"line":31,"column":22},"end":{"line":31,"column":30}},"27":{"start":{"line":32,"column":22},"end":{"line":32,"column":41}},"28":{"start":{"line":33,"column":21},"end":{"line":33,"column":39}},"29":{"start":{"line":34,"column":21},"end":{"line":34,"column":39}},"30":{"start":{"line":35,"column":21},"end":{"line":35,"column":39}},"31":{"start":{"line":37,"column":16},"end":{"line":37,"column":127}},"32":{"start":{"line":38,"column":26},"end":{"line":38,"column":50}},"33":{"start":{"line":39,"column":6},"end":{"line":43,"column":9}},"34":{"start":{"line":48,"column":23},"end":{"line":48,"column":31}},"35":{"start":{"line":49,"column":22},"end":{"line":49,"column":42}},"36":{"start":{"line":50,"column":21},"end":{"line":50,"column":40}},"37":{"start":{"line":51,"column":21},"end":{"line":51,"column":40}},"38":{"start":{"line":52,"column":21},"end":{"line":52,"column":40}},"39":{"start":{"line":54,"column":16},"end":{"line":54,"column":127}},"40":{"start":{"line":55,"column":26},"end":{"line":55,"column":50}},"41":{"start":{"line":56,"column":6},"end":{"line":60,"column":9}},"42":{"start":{"line":65,"column":23},"end":{"line":65,"column":31}},"43":{"start":{"line":66,"column":22},"end":{"line":66,"column":42}},"44":{"start":{"line":67,"column":21},"end":{"line":67,"column":40}},"45":{"start":{"line":68,"column":21},"end":{"line":68,"column":40}},"46":{"start":{"line":70,"column":16},"end":{"line":70,"column":107}},"47":{"start":{"line":71,"column":26},"end":{"line":71,"column":54}},"48":{"start":{"line":72,"column":6},"end":{"line":76,"column":9}},"49":{"start":{"line":81,"column":15},"end":{"line":81,"column":42}},"50":{"start":{"line":82,"column":23},"end":{"line":82,"column":31}},"51":{"start":{"line":83,"column":21},"end":{"line":83,"column":40}},"52":{"start":{"line":84,"column":21},"end":{"line":84,"column":40}},"53":{"start":{"line":86,"column":16},"end":{"line":86,"column":85}},"54":{"start":{"line":87,"column":19},"end":{"line":87,"column":52}},"55":{"start":{"line":88,"column":6},"end":{"line":93,"column":7}},"56":{"start":{"line":89,"column":8},"end":{"line":92,"column":11}},"57":{"start":{"line":94,"column":6},"end":{"line":98,"column":9}},"58":{"start":{"line":103,"column":15},"end":{"line":103,"column":42}},"59":{"start":{"line":104,"column":23},"end":{"line":104,"column":31}},"60":{"start":{"line":105,"column":22},"end":{"line":105,"column":42}},"61":{"start":{"line":106,"column":21},"end":{"line":106,"column":40}},"62":{"start":{"line":107,"column":18},"end":{"line":107,"column":34}},"63":{"start":{"line":108,"column":16},"end":{"line":108,"column":30}},"64":{"start":{"line":109,"column":24},"end":{"line":109,"column":46}},"65":{"start":{"line":110,"column":20},"end":{"line":110,"column":38}},"66":{"start":{"line":111,"column":20},"end":{"line":111,"column":38}},"67":{"start":{"line":112,"column":21},"end":{"line":112,"column":40}},"68":{"start":{"line":113,"column":21},"end":{"line":113,"column":40}},"69":{"start":{"line":115,"column":16},"end":{"line":115,"column":213}},"70":{"start":{"line":116,"column":19},"end":{"line":116,"column":52}},"71":{"start":{"line":117,"column":6},"end":{"line":122,"column":7}},"72":{"start":{"line":118,"column":8},"end":{"line":121,"column":11}},"73":{"start":{"line":123,"column":6},"end":{"line":127,"column":9}},"74":{"start":{"line":132,"column":15},"end":{"line":132,"column":42}},"75":{"start":{"line":133,"column":23},"end":{"line":133,"column":31}},"76":{"start":{"line":134,"column":22},"end":{"line":134,"column":42}},"77":{"start":{"line":135,"column":21},"end":{"line":135,"column":40}},"78":{"start":{"line":136,"column":21},"end":{"line":136,"column":40}},"79":{"start":{"line":138,"column":16},"end":{"line":138,"column":107}},"80":{"start":{"line":139,"column":25},"end":{"line":139,"column":54}},"81":{"start":{"line":140,"column":6},"end":{"line":146,"column":7}},"82":{"start":{"line":141,"column":8},"end":{"line":145,"column":11}},"83":{"start":{"line":147,"column":6},"end":{"line":151,"column":9}},"84":{"start":{"line":156,"column":15},"end":{"line":156,"column":42}},"85":{"start":{"line":157,"column":23},"end":{"line":157,"column":31}},"86":{"start":{"line":158,"column":22},"end":{"line":158,"column":42}},"87":{"start":{"line":159,"column":21},"end":{"line":159,"column":40}},"88":{"start":{"line":160,"column":21},"end":{"line":160,"column":40}},"89":{"start":{"line":162,"column":16},"end":{"line":162,"column":107}},"90":{"start":{"line":163,"column":25},"end":{"line":163,"column":51}},"91":{"start":{"line":164,"column":6},"end":{"line":173,"column":9}},"92":{"start":{"line":165,"column":8},"end":{"line":169,"column":11}},"93":{"start":{"line":170,"column":13},"end":{"line":173,"column":9}},"94":{"start":{"line":178,"column":23},"end":{"line":178,"column":31}},"95":{"start":{"line":179,"column":21},"end":{"line":179,"column":40}},"96":{"start":{"line":180,"column":21},"end":{"line":180,"column":40}},"97":{"start":{"line":182,"column":16},"end":{"line":182,"column":65}},"98":{"start":{"line":183,"column":17},"end":{"line":183,"column":35}},"99":{"start":{"line":184,"column":6},"end":{"line":193,"column":9}},"100":{"start":{"line":185,"column":8},"end":{"line":188,"column":11}},"101":{"start":{"line":189,"column":13},"end":{"line":193,"column":9}},"102":{"start":{"line":189,"column":53},"end":{"line":193,"column":9}},"103":{"start":{"line":195,"column":6},"end":{"line":199,"column":9}},"104":{"start":{"line":203,"column":2},"end":{"line":203,"column":20}},"105":{"start":{"line":206,"column":0},"end":{"line":206,"column":29}}},"fnMap":{"0":{"name":"(anonymous_0)","decl":{"start":{"line":7,"column":19},"end":{"line":7,"column":20}},"loc":{"start":{"line":7,"column":31},"end":{"line":7,"column":561}},"line":7},"1":{"name":"defineProperties","decl":{"start":{"line":7,"column":42},"end":{"line":7,"column":58}},"loc":{"start":{"line":7,"column":74},"end":{"line":7,"column":349}},"line":7},"2":{"name":"(anonymous_2)","decl":{"start":{"line":7,"column":357},"end":{"line":7,"column":358}},"loc":{"start":{"line":7,"column":405},"end":{"line":7,"column":558}},"line":7},"3":{"name":"_interopRequireDefault","decl":{"start":{"line":19,"column":9},"end":{"line":19,"column":31}},"loc":{"start":{"line":19,"column":37},"end":{"line":19,"column":95}},"line":19},"4":{"name":"_classCallCheck","decl":{"start":{"line":21,"column":9},"end":{"line":21,"column":24}},"loc":{"start":{"line":21,"column":48},"end":{"line":21,"column":153}},"line":21},"5":{"name":"(anonymous_5)","decl":{"start":{"line":23,"column":17},"end":{"line":23,"column":18}},"loc":{"start":{"line":23,"column":29},"end":{"line":204,"column":1}},"line":23},"6":{"name":"Attendants","decl":{"start":{"line":24,"column":11},"end":{"line":24,"column":21}},"loc":{"start":{"line":24,"column":24},"end":{"line":26,"column":3}},"line":24},"7":{"name":"addAttendant","decl":{"start":{"line":30,"column":26},"end":{"line":30,"column":38}},"loc":{"start":{"line":30,"column":49},"end":{"line":44,"column":5}},"line":30},"8":{"name":"addAdmin","decl":{"start":{"line":47,"column":26},"end":{"line":47,"column":34}},"loc":{"start":{"line":47,"column":45},"end":{"line":61,"column":5}},"line":47},"9":{"name":"getAllAttendants","decl":{"start":{"line":64,"column":26},"end":{"line":64,"column":42}},"loc":{"start":{"line":64,"column":53},"end":{"line":77,"column":5}},"line":64},"10":{"name":"updateattendantauth","decl":{"start":{"line":80,"column":26},"end":{"line":80,"column":45}},"loc":{"start":{"line":80,"column":56},"end":{"line":99,"column":5}},"line":80},"11":{"name":"updateattendantinfo","decl":{"start":{"line":102,"column":26},"end":{"line":102,"column":45}},"loc":{"start":{"line":102,"column":56},"end":{"line":128,"column":5}},"line":102},"12":{"name":"deleteAttendant","decl":{"start":{"line":131,"column":26},"end":{"line":131,"column":41}},"loc":{"start":{"line":131,"column":52},"end":{"line":152,"column":5}},"line":131},"13":{"name":"getAttendant","decl":{"start":{"line":155,"column":26},"end":{"line":155,"column":38}},"loc":{"start":{"line":155,"column":49},"end":{"line":174,"column":5}},"line":155},"14":{"name":"signin","decl":{"start":{"line":177,"column":26},"end":{"line":177,"column":32}},"loc":{"start":{"line":177,"column":43},"end":{"line":200,"column":5}},"line":177}},"branchMap":{"0":{"loc":{"start":{"line":7,"column":168},"end":{"line":7,"column":198}},"type":"binary-expr","locations":[{"start":{"line":7,"column":168},"end":{"line":7,"column":189}},{"start":{"line":7,"column":193},"end":{"line":7,"column":198}}],"line":7},"1":{"loc":{"start":{"line":7,"column":232},"end":{"line":7,"column":286}},"type":"if","locations":[{"start":{"line":7,"column":232},"end":{"line":7,"column":286}},{"start":{"line":7,"column":232},"end":{"line":7,"column":286}}],"line":7},"2":{"loc":{"start":{"line":7,"column":407},"end":{"line":7,"column":475}},"type":"if","locations":[{"start":{"line":7,"column":407},"end":{"line":7,"column":475}},{"start":{"line":7,"column":407},"end":{"line":7,"column":475}}],"line":7},"3":{"loc":{"start":{"line":7,"column":476},"end":{"line":7,"column":536}},"type":"if","locations":[{"start":{"line":7,"column":476},"end":{"line":7,"column":536}},{"start":{"line":7,"column":476},"end":{"line":7,"column":536}}],"line":7},"4":{"loc":{"start":{"line":19,"column":46},"end":{"line":19,"column":92}},"type":"cond-expr","locations":[{"start":{"line":19,"column":70},"end":{"line":19,"column":73}},{"start":{"line":19,"column":76},"end":{"line":19,"column":92}}],"line":19},"5":{"loc":{"start":{"line":19,"column":46},"end":{"line":19,"column":67}},"type":"binary-expr","locations":[{"start":{"line":19,"column":46},"end":{"line":19,"column":49}},{"start":{"line":19,"column":53},"end":{"line":19,"column":67}}],"line":19},"6":{"loc":{"start":{"line":21,"column":50},"end":{"line":21,"column":151}},"type":"if","locations":[{"start":{"line":21,"column":50},"end":{"line":21,"column":151}},{"start":{"line":21,"column":50},"end":{"line":21,"column":151}}],"line":21},"7":{"loc":{"start":{"line":88,"column":6},"end":{"line":93,"column":7}},"type":"if","locations":[{"start":{"line":88,"column":6},"end":{"line":93,"column":7}},{"start":{"line":88,"column":6},"end":{"line":93,"column":7}}],"line":88},"8":{"loc":{"start":{"line":117,"column":6},"end":{"line":122,"column":7}},"type":"if","locations":[{"start":{"line":117,"column":6},"end":{"line":122,"column":7}},{"start":{"line":117,"column":6},"end":{"line":122,"column":7}}],"line":117},"9":{"loc":{"start":{"line":140,"column":6},"end":{"line":146,"column":7}},"type":"if","locations":[{"start":{"line":140,"column":6},"end":{"line":146,"column":7}},{"start":{"line":140,"column":6},"end":{"line":146,"column":7}}],"line":140},"10":{"loc":{"start":{"line":164,"column":6},"end":{"line":173,"column":9}},"type":"if","locations":[{"start":{"line":164,"column":6},"end":{"line":173,"column":9}},{"start":{"line":164,"column":6},"end":{"line":173,"column":9}}],"line":164},"11":{"loc":{"start":{"line":184,"column":6},"end":{"line":193,"column":9}},"type":"if","locations":[{"start":{"line":184,"column":6},"end":{"line":193,"column":9}},{"start":{"line":184,"column":6},"end":{"line":193,"column":9}}],"line":184},"12":{"loc":{"start":{"line":189,"column":13},"end":{"line":193,"column":9}},"type":"if","locations":[{"start":{"line":189,"column":13},"end":{"line":193,"column":9}},{"start":{"line":189,"column":13},"end":{"line":193,"column":9}}],"line":189}},"s":{"0":1,"1":1,"2":1,"3":8,"4":8,"5":8,"6":8,"7":8,"8":8,"9":1,"10":1,"11":0,"12":1,"13":1,"14":1,"15":1,"16":1,"17":1,"18":1,"19":1,"20":2,"21":0,"22":0,"23":1,"24":0,"25":1,"26":0,"27":0,"28":0,"29":0,"30":0,"31":0,"32":0,"33":0,"34":0,"35":0,"36":0,"37":0,"38":0,"39":0,"40":0,"41":0,"42":0,"43":0,"44":0,"45":0,"46":0,"47":0,"48":0,"49":0,"50":0,"51":0,"52":0,"53":0,"54":0,"55":0,"56":0,"57":0,"58":0,"59":0,"60":0,"61":0,"62":0,"63":0,"64":0,"65":0,"66":0,"67":0,"68":0,"69":0,"70":0,"71":0,"72":0,"73":0,"74":0,"75":0,"76":0,"77":0,"78":0,"79":0,"80":0,"81":0,"82":0,"83":0,"84":0,"85":0,"86":0,"87":0,"88":0,"89":0,"90":0,"91":0,"92":0,"93":0,"94":0,"95":0,"96":0,"97":0,"98":0,"99":0,"100":0,"101":0,"102":0,"103":0,"104":1,"105":1},"f":{"0":1,"1":1,"2":1,"3":2,"4":0,"5":1,"6":0,"7":0,"8":0,"9":0,"10":0,"11":0,"12":0,"13":0,"14":0},"b":{"0":[8,8],"1":[8,0],"2":[0,1],"3":[1,0],"4":[1,1],"5":[2,2],"6":[0,0],"7":[0,0],"8":[0,0],"9":[0,0],"10":[0,0],"11":[0,0],"12":[0,0]},"_coverageSchema":"d34fc3e6b8297bcde183f5492bcb8fcb36775295","hash":"b2951c6ab8c8515e653a12e604f488b45e35b333","contentHash":"e5f7e550efa361d9bc3bfbc899f90936_12.0.2"},"C:\\Users\\MARIAM IBRAHIM\\Desktop\\andela\\storemanager\\server\\models\\userqueries.js":{"path":"C:\\Users\\MARIAM IBRAHIM\\Desktop\\andela\\storemanager\\server\\models\\userqueries.js","statementMap":{"0":{"start":{"line":3,"column":0},"end":{"line":5,"column":3}},"1":{"start":{"line":7,"column":19},"end":{"line":7,"column":563}},"2":{"start":{"line":7,"column":76},"end":{"line":7,"column":347}},"3":{"start":{"line":7,"column":134},"end":{"line":7,"column":142}},"4":{"start":{"line":7,"column":144},"end":{"line":7,"column":199}},"5":{"start":{"line":7,"column":200},"end":{"line":7,"column":231}},"6":{"start":{"line":7,"column":232},"end":{"line":7,"column":286}},"7":{"start":{"line":7,"column":259},"end":{"line":7,"column":286}},"8":{"start":{"line":7,"column":287},"end":{"line":7,"column":345}},"9":{"start":{"line":7,"column":350},"end":{"line":7,"column":559}},"10":{"start":{"line":7,"column":407},"end":{"line":7,"column":475}},"11":{"start":{"line":7,"column":423},"end":{"line":7,"column":475}},"12":{"start":{"line":7,"column":476},"end":{"line":7,"column":536}},"13":{"start":{"line":7,"column":493},"end":{"line":7,"column":536}},"14":{"start":{"line":7,"column":537},"end":{"line":7,"column":556}},"15":{"start":{"line":9,"column":15},"end":{"line":9,"column":33}},"16":{"start":{"line":11,"column":16},"end":{"line":11,"column":48}},"17":{"start":{"line":13,"column":18},"end":{"line":13,"column":50}},"18":{"start":{"line":15,"column":19},"end":{"line":15,"column":54}},"19":{"start":{"line":17,"column":39},"end":{"line":17,"column":93}},"20":{"start":{"line":19,"column":50},"end":{"line":19,"column":151}},"21":{"start":{"line":19,"column":92},"end":{"line":19,"column":149}},"22":{"start":{"line":21,"column":18},"end":{"line":116,"column":3}},"23":{"start":{"line":23,"column":24},"end":{"line":23,"column":38}},"24":{"start":{"line":24,"column":23},"end":{"line":24,"column":36}},"25":{"start":{"line":25,"column":20},"end":{"line":25,"column":30}},"26":{"start":{"line":26,"column":18},"end":{"line":26,"column":26}},"27":{"start":{"line":27,"column":26},"end":{"line":27,"column":42}},"28":{"start":{"line":28,"column":22},"end":{"line":28,"column":34}},"29":{"start":{"line":29,"column":22},"end":{"line":29,"column":34}},"30":{"start":{"line":30,"column":23},"end":{"line":30,"column":36}},"31":{"start":{"line":31,"column":23},"end":{"line":31,"column":36}},"32":{"start":{"line":33,"column":8},"end":{"line":33,"column":43}},"33":{"start":{"line":35,"column":8},"end":{"line":35,"column":35}},"34":{"start":{"line":36,"column":8},"end":{"line":36,"column":33}},"35":{"start":{"line":37,"column":8},"end":{"line":37,"column":27}},"36":{"start":{"line":38,"column":8},"end":{"line":38,"column":23}},"37":{"start":{"line":39,"column":8},"end":{"line":39,"column":39}},"38":{"start":{"line":40,"column":8},"end":{"line":40,"column":31}},"39":{"start":{"line":41,"column":8},"end":{"line":41,"column":31}},"40":{"start":{"line":42,"column":8},"end":{"line":42,"column":33}},"41":{"start":{"line":43,"column":8},"end":{"line":43,"column":33}},"42":{"start":{"line":46,"column":4},"end":{"line":113,"column":8}},"43":{"start":{"line":49,"column":30},"end":{"line":49,"column":129}},"44":{"start":{"line":50,"column":27},"end":{"line":50,"column":104}},"45":{"start":{"line":51,"column":35},"end":{"line":51,"column":234}},"46":{"start":{"line":52,"column":32},"end":{"line":52,"column":204}},"47":{"start":{"line":53,"column":12},"end":{"line":53,"column":93}},"48":{"start":{"line":58,"column":30},"end":{"line":58,"column":129}},"49":{"start":{"line":59,"column":27},"end":{"line":59,"column":104}},"50":{"start":{"line":60,"column":35},"end":{"line":60,"column":234}},"51":{"start":{"line":61,"column":32},"end":{"line":61,"column":204}},"52":{"start":{"line":62,"column":12},"end":{"line":62,"column":93}},"53":{"start":{"line":67,"column":38},"end":{"line":67,"column":228}},"54":{"start":{"line":68,"column":12},"end":{"line":68,"column":44}},"55":{"start":{"line":73,"column":38},"end":{"line":73,"column":404}},"56":{"start":{"line":74,"column":12},"end":{"line":74,"column":39}},"57":{"start":{"line":79,"column":40},"end":{"line":79,"column":73}},"58":{"start":{"line":80,"column":30},"end":{"line":80,"column":85}},"59":{"start":{"line":81,"column":12},"end":{"line":81,"column":36}},"60":{"start":{"line":86,"column":36},"end":{"line":86,"column":84}},"61":{"start":{"line":87,"column":31},"end":{"line":87,"column":82}},"62":{"start":{"line":88,"column":12},"end":{"line":88,"column":32}},"63":{"start":{"line":93,"column":39},"end":{"line":93,"column":106}},"64":{"start":{"line":94,"column":34},"end":{"line":94,"column":101}},"65":{"start":{"line":95,"column":30},"end":{"line":95,"column":84}},"66":{"start":{"line":96,"column":30},"end":{"line":96,"column":79}},"67":{"start":{"line":97,"column":12},"end":{"line":97,"column":36}},"68":{"start":{"line":102,"column":30},"end":{"line":102,"column":110}},"69":{"start":{"line":103,"column":25},"end":{"line":103,"column":70}},"70":{"start":{"line":104,"column":12},"end":{"line":104,"column":26}},"71":{"start":{"line":109,"column":33},"end":{"line":109,"column":96}},"72":{"start":{"line":110,"column":28},"end":{"line":110,"column":76}},"73":{"start":{"line":111,"column":12},"end":{"line":111,"column":29}},"74":{"start":{"line":115,"column":4},"end":{"line":115,"column":23}},"75":{"start":{"line":118,"column":0},"end":{"line":118,"column":30}}},"fnMap":{"0":{"name":"(anonymous_0)","decl":{"start":{"line":7,"column":19},"end":{"line":7,"column":20}},"loc":{"start":{"line":7,"column":31},"end":{"line":7,"column":561}},"line":7},"1":{"name":"defineProperties","decl":{"start":{"line":7,"column":42},"end":{"line":7,"column":58}},"loc":{"start":{"line":7,"column":74},"end":{"line":7,"column":349}},"line":7},"2":{"name":"(anonymous_2)","decl":{"start":{"line":7,"column":357},"end":{"line":7,"column":358}},"loc":{"start":{"line":7,"column":405},"end":{"line":7,"column":558}},"line":7},"3":{"name":"_interopRequireDefault","decl":{"start":{"line":17,"column":9},"end":{"line":17,"column":31}},"loc":{"start":{"line":17,"column":37},"end":{"line":17,"column":95}},"line":17},"4":{"name":"_classCallCheck","decl":{"start":{"line":19,"colum
[...]
:73}},"42":{"start":{"line":72,"column":8},"end":{"line":77,"column":29}},"43":{"start":{"line":73,"column":10},"end":{"line":76,"column":13}},"44":{"start":{"line":77,"column":15},"end":{"line":77,"column":29}},"45":{"start":{"line":83,"column":21},"end":{"line":83,"column":38}},"46":{"start":{"line":85,"column":32},"end":{"line":85,"column":94}},"47":{"start":{"line":86,"column":6},"end":{"line":101,"column":7}},"48":{"start":{"line":87,"column":20},"end":{"line":87,"column":64}},"49":{"start":{"line":88,"column":8},"end":{"line":91,"column":11}},"50":{"start":{"line":93,"column":26},"end":{"line":93,"column":90}},"51":{"start":{"line":94,"column":28},"end":{"line":94,"column":73}},"52":{"start":{"line":95,"column":8},"end":{"line":100,"column":29}},"53":{"start":{"line":96,"column":10},"end":{"line":99,"column":13}},"54":{"start":{"line":100,"column":15},"end":{"line":100,"column":29}},"55":{"start":{"line":106,"column":23},"end":{"line":106,"column":31}},"56":{"start":{"line":107,"column":23},"end":{"line":107,"column":44}},"57":{"start":{"line":108,"column":18},"end":{"line":108,"column":34}},"58":{"start":{"line":109,"column":24},"end":{"line":109,"column":46}},"59":{"start":{"line":110,"column":21},"end":{"line":110,"column":40}},"60":{"start":{"line":112,"column":29},"end":{"line":112,"column":152}},"61":{"start":{"line":113,"column":6},"end":{"line":119,"column":27}},"62":{"start":{"line":114,"column":20},"end":{"line":114,"column":61}},"63":{"start":{"line":115,"column":8},"end":{"line":118,"column":11}},"64":{"start":{"line":119,"column":13},"end":{"line":119,"column":27}},"65":{"start":{"line":124,"column":6},"end":{"line":124,"column":20}},"66":{"start":{"line":129,"column":18},"end":{"line":129,"column":45}},"67":{"start":{"line":130,"column":23},"end":{"line":130,"column":73}},"68":{"start":{"line":131,"column":6},"end":{"line":133,"column":7}},"69":{"start":{"line":132,"column":8},"end":{"line":132,"column":62}},"70":{"start":{"line":134,"column":6},"end":{"line":134,"column":20}},"71":{"start":{"line":139,"column":6},"end":{"line":139,"column":20}},"72":{"start":{"line":144,"column":18},"end":{"line":144,"column":45}},"73":{"start":{"line":145,"column":23},"end":{"line":145,"column":73}},"74":{"start":{"line":146,"column":6},"end":{"line":151,"column":7}},"75":{"start":{"line":147,"column":20},"end":{"line":147,"column":44}},"76":{"start":{"line":148,"column":8},"end":{"line":150,"column":11}},"77":{"start":{"line":152,"column":6},"end":{"line":152,"column":20}},"78":{"start":{"line":156,"column":2},"end":{"line":156,"column":21}},"79":{"start":{"line":159,"column":0},"end":{"line":159,"column":30}}},"fnMap":{"0":{"name":"(anonymous_0)","decl":{"start":{"line":7,"column":19},"end":{"line":7,"column":20}},"loc":{"start":{"line":7,"column":31},"end":{"line":7,"column":561}},"line":7},"1":{"name":"defineProperties","decl":{"start":{"line":7,"column":42},"end":{"line":7,"column":58}},"loc":{"start":{"line":7,"column":74},"end":{"line":7,"column":349}},"line":7},"2":{"name":"(anonymous_2)","decl":{"start":{"line":7,"column":357},"end":{"line":7,"column":358}},"loc":{"start":{"line":7,"column":405},"end":{"line":7,"column":558}},"line":7},"3":{"name":"_interopRequireDefault","decl":{"start":{"line":21,"column":9},"end":{"line":21,"column":31}},"loc":{"start":{"line":21,"column":37},"end":{"line":21,"column":95}},"line":21},"4":{"name":"_classCallCheck","decl":{"start":{"line":23,"column":9},"end":{"line":23,"column":24}},"loc":{"start":{"line":23,"column":48},"end":{"line":23,"column":153}},"line":23},"5":{"name":"(anonymous_5)","decl":{"start":{"line":48,"column":18},"end":{"line":48,"column":19}},"loc":{"start":{"line":48,"column":30},"end":{"line":157,"column":1}},"line":48},"6":{"name":"Productauth","decl":{"start":{"line":49,"column":11},"end":{"line":49,"column":22}},"loc":{"start":{"line":49,"column":25},"end":{"line":51,"column":3}},"line":49},"7":{"name":"addProduct","decl":{"start":{"line":55,"column":26},"end":{"line":55,"column":36}},"loc":{"start":{"line":55,"column":53},"end":{"line":79,"column":5}},"line":55},"8":{"name":"newCategory","decl":{"start":{"line":82,"column":26},"end":{"line":82,"column":37}},"loc":{"start":{"line":82,"column":54},"end":{"line":102,"column":5}},"line":82},"9":{"name":"newSales","decl":{"start":{"line":105,"column":20},"end":{"line":105,"column":28}},"loc":{"start":{"line":105,"column":45},"end":{"line":120,"column":5}},"line":105},"10":{"name":"allOrders","decl":{"start":{"line":123,"column":20},"end":{"line":123,"column":29}},"loc":{"start":{"line":123,"column":46},"end":{"line":125,"column":5}},"line":123},"11":{"name":"deleteProduct","decl":{"start":{"line":128,"column":20},"end":{"line":128,"column":33}},"loc":{"start":{"line":128,"column":50},"end":{"line":135,"column":5}},"line":128},"12":{"name":"allProducts","decl":{"start":{"line":138,"column":20},"end":{"line":138,"column":31}},"loc":{"start":{"line":138,"column":48},"end":{"line":140,"column":5}},"line":138},"13":{"name":"getProduct","decl":{"start":{"line":143,"column":20},"end":{"line":143,"column":30}},"loc":{"start":{"line":143,"column":47},"end":{"line":153,"column":5}},"line":143}},"branchMap":{"0":{"loc":{"start":{"line":7,"column":168},"end":{"line":7,"column":198}},"type":"binary-expr","locations":[{"start":{"line":7,"column":168},"end":{"line":7,"column":189}},{"start":{"line":7,"column":193},"end":{"line":7,"column":198}}],"line":7},"1":{"loc":{"start":{"line":7,"column":232},"end":{"line":7,"column":286}},"type":"if","locations":[{"start":{"line":7,"column":232},"end":{"line":7,"column":286}},{"start":{"line":7,"column":232},"end":{"line":7,"column":286}}],"line":7},"2":{"loc":{"start":{"line":7,"column":407},"end":{"line":7,"column":475}},"type":"if","locations":[{"start":{"line":7,"column":407},"end":{"line":7,"column":475}},{"start":{"line":7,"column":407},"end":{"line":7,"column":475}}],"line":7},"3":{"loc":{"start":{"line":7,"column":476},"end":{"line":7,"column":536}},"type":"if","locations":[{"start":{"line":7,"column":476},"end":{"line":7,"column":536}},{"start":{"line":7,"column":476},"end":{"line":7,"column":536}}],"line":7},"4":{"loc":{"start":{"line":21,"column":46},"end":{"line":21,"column":92}},"type":"cond-expr","locations":[{"start":{"line":21,"column":70},"end":{"line":21,"column":73}},{"start":{"line":21,"column":76},"end":{"line":21,"column":92}}],"line":21},"5":{"loc":{"start":{"line":21,"column":46},"end":{"line":21,"column":67}},"type":"binary-expr","locations":[{"start":{"line":21,"column":46},"end":{"line":21,"column":49}},{"start":{"line":21,"column":53},"end":{"line":21,"column":67}}],"line":21},"6":{"loc":{"start":{"line":23,"column":50},"end":{"line":23,"column":151}},"type":"if","locations":[{"start":{"line":23,"column":50},"end":{"line":23,"column":151}},{"start":{"line":23,"column":50},"end":{"line":23,"column":151}}],"line":23},"7":{"loc":{"start":{"line":64,"column":6},"end":{"line":78,"column":7}},"type":"if","locations":[{"start":{"line":64,"column":6},"end":{"line":78,"column":7}},{"start":{"line":64,"column":6},"end":{"line":78,"column":7}}],"line":64},"8":{"loc":{"start":{"line":72,"column":8},"end":{"line":77,"column":29}},"type":"if","locations":[{"start":{"line":72,"column":8},"end":{"line":77,"column":29}},{"start":{"line":72,"column":8},"end":{"line":77,"column":29}}],"line":72},"9":{"loc":{"start":{"line":86,"column":6},"end":{"line":101,"column":7}},"type":"if","locations":[{"start":{"line":86,"column":6},"end":{"line":101,"column":7}},{"start":{"line":86,"column":6},"end":{"line":101,"column":7}}],"line":86},"10":{"loc":{"start":{"line":95,"column":8},"end":{"line":100,"column":29}},"type":"if","locations":[{"start":{"line":95,"column":8},"end":{"line":100,"column":29}},{"start":{"line":95,"column":8},"end":{"line":100,"column":29}}],"line":95},"11":{"loc":{"start":{"line":113,"column":6},"end":{"line":119,"column":27}},"type":"if","locations":[{"start":{"line":113,"column":6},"end":{"line":119,"column":27}},{"start":{"line":113,"column":6},"end":{"line":119,"column":27}}],"line":113},"12":{"loc":{"start":{"line":131,"column":6},"end":{"line":133,"column":7}},"type":"if","locations":[{"start":{"line":131,"column":6},"end":{"line":133,"column":7}},{"start":{"line":131,"column":6},"end":{"line":133,"column":7}}],"line":131},"13":{"loc":{"start":{"line":146,"column":6},"end":{"line":151,"column":7}},"type":"if","locations":[{"start":{"line":146,"column":6},"end":{"line":151,"column":7}},{"start":{"line":146,"column":6},"end":{"line":151,"column":7}}],"line":146}},"s":{"0":1,"1":1,"2":1,"3":7,"4":7,"5":7,"6":7,"7":7,"8":7,"9":1,"10":1,"11":0,"12":1,"13":1,"14":1,"15":1,"16":1,"17":1,"18":1,"19":1,"20":1,"21":3,"22":0,"23":0,"24":1,"25":1,"26":1,"27":1,"28":1,"29":0,"30":1,"31":5,"32":5,"33":5,"34":5,"35":5,"36":5,"37":5,"38":5,"39":2,"40":3,"41":3,"42":3,"43":0,"44":3,"45":0,"46":0,"47":0,"48":0,"49":0,"50":0,"51":0,"52":0,"53":0,"54":0,"55":2,"56":2,"57":2,"58":2,"59":2,"60":2,"61":2,"62":1,"63":1,"64":1,"65":0,"66":2,"67":2,"68":2,"69":1,"70":1,"71":1,"72":2,"73":2,"74":2,"75":2,"76":2,"77":0,"78":1,"79":1},"f":{"0":1,"1":1,"2":1,"3":3,"4":0,"5":1,"6":0,"7":5,"8":0,"9":2,"10":0,"11":2,"12":1,"13":2},"b":{"0":[7,7],"1":[7,0],"2":[0,1],"3":[1,0],"4":[1,2],"5":[3,3],"6":[0,0],"7":[2,3],"8":[0,3],"9":[0,0],"10":[0,0],"11":[1,1],"12":[1,1],"13":[2,0]},"_coverageSchema":"d34fc3e6b8297bcde183f5492bcb8fcb36775295","hash":"f6ae038ba83ed2401328742769a27309716aca5f","contentHash":"b1de89ddcdfecb0f28866999564e331d_12.0.2"},"C:\\Users\\MARIAM IBRAHIM\\Desktop\\andela\\storemanager\\server\\helpers\\authorize.js":{"path":"C:\\Users\\MARIAM IBRAHIM\\Desktop\\andela\\storemanager\\server\\helpers\\authorize.js","statementMap":{"0":{"start":{"line":3,"column":0},"end":{"line":5,"column":3}},"1":{"start":{"line":7,"column":19},"end":{"line":7,"column":563}},"2":{"start":{"line":7,"column":76},"end":{"line":7,"column":347}},"3":{"start":{"line":7,"column":134},"end":{"line":7,"column":142}},"4":{"start":{"line":7,"column":144},"end":{"line":7,"column":199}},"5":{"start":{"line":7,"column":200},"end":{"line":7,"column":231}},"6":{"start":{"line":7,"column":232},"end":{"line":7,"column":286}},"7":{"start":{"line":7,"column":259},"end":{"line":7,"column":286}},"8":{"start":{"line":7,"column":287},"end":{"line":7,"column":345}},"9":{"start":{"line":7,"column":350},"end":{"line":7,"column":559}},"10":{"start":{"line":7,"column":407},"end":{"line":7,"column":475}},"11":{"start":{"line":7,"column":423},"end":{"line":7,"column":475}},"12":{"start":{"line":7,"column":476},"end":{"line":7,"column":536}},"13":{"start":{"line":7,"column":493},"end":{"line":7,"column":536}},"14":{"start":{"line":7,"column":537},"end":{"line":7,"column":556}},"15":{"start":{"line":9,"column":20},"end":{"line":9,"column":43}},"16":{"start":{"line":11,"column":21},"end":{"line":11,"column":58}},"17":{"start":{"line":13,"column":19},"end":{"line":13,"column":51}},"18":{"start":{"line":15,"column":20},"end":{"line":15,"column":56}},"19":{"start":{"line":17,"column":39},"end":{"line":17,"column":93}},"20":{"start":{"line":19,"column":50},"end":{"line":19,"column":151}},"21":{"start":{"line":19,"column":92},"end":{"line":19,"column":149}},"22":{"start":{"line":21,"column":13},"end":{"line":21,"column":27}},"23":{"start":{"line":23,"column":16},"end":{"line":92,"column":3}},"24":{"start":{"line":25,"column":4},"end":{"line":25,"column":37}},"25":{"start":{"line":28,"column":2},"end":{"line":89,"column":6}},"26":{"start":{"line":31,"column":18},"end":{"line":31,"column":35}},"27":{"start":{"line":32,"column":18},"end":{"line":32,"column":20}},"28":{"start":{"line":33,"column":6},"end":{"line":40,"column":7}},"29":{"start":{"line":34,"column":8},"end":{"line":34,"column":42}},"30":{"start":{"line":35,"column":8},"end":{"line":39,"column":11}},"31":{"start":{"line":42,"column":6},"end":{"line":58,"column":7}},"32":{"start":{"line":43,"column":28},"end":{"line":43,"column":72}},"33":{"start":{"line":44,"column":25},"end":{"line":44,"column":60}},"34":{"start":{"line":45,"column":8},"end":{"line":50,"column":29}},"35":{"start":{"line":46,"column":10},"end":{"line":49,"column":13}},"36":{"start":{"line":50,"column":15},"end":{"line":50,"column":29}},"37":{"start":{"line":52,"column":8},"end":{"line":52,"column":78}},"38":{"start":{"line":53,"column":8},"end":{"line":57,"column":11}},"39":{"start":{"line":63,"column":18},"end":{"line":63,"column":35}},"40":{"start":{"line":64,"column":18},"end":{"line":64,"column":20}},"41":{"start":{"line":65,"column":6},"end":{"line":72,"column":7}},"42":{"start":{"line":66,"column":8},"end":{"line":66,"column":83}},"43":{"start":{"line":67,"column":8},"end":{"line":71,"column":11}},"44":{"start":{"line":74,"column":6},"end":{"line":87,"column":7}},"45":{"start":{"line":75,"column":28},"end":{"line":75,"column":72}},"46":{"start":{"line":76,"column":25},"end":{"line":76,"column":60}},"47":{"start":{"line":77,"column":8},"end":{"line":77,"column":41}},"48":{"start":{"line":78,"column":8},"end":{"line":78,"column":34}},"49":{"start":{"line":79,"column":8},"end":{"line":79,"column":22}},"50":{"start":{"line":81,"column":8},"end":{"line":81,"column":78}},"51":{"start":{"line":82,"column":8},"end":{"line":86,"column":11}},"52":{"start":{"line":91,"column":2},"end":{"line":91,"column":19}},"53":{"start":{"line":94,"column":0},"end":{"line":94,"column":28}}},"fnMap":{"0":{"name":"(anonymous_0)","decl":{"start":{"line":7,"column":19},"end":{"line":7,"column":20}},"loc":{"start":{"line":7,"column":31},"end":{"line":7,"column":561}},"line":7},"1":{"name":"defineProperties","decl":{"start":{"line":7,"column":42},"end":{"line":7,"column":58}},"loc":{"start":{"line":7,"column":74},"end":{"line":7,"column":349}},"line":7},"2":{"name":"(anonymous_2)","decl":{"start":{"line":7,"column":357},"end":{"line":7,"column":358}},"loc":{"start":{"line":7,"column":405},"end":{"line":7,"column":558}},"line":7},"3":{"name":"_interopRequireDefault","decl":{"start":{"line":17,"column":9},"end":{"line":17,"column":31}},"loc":{"start":{"line":17,"column":37},"end":{"line":17,"column":95}},"line":17},"4":{"name":"_classCallCheck","decl":{"start":{"line":19,"column":9},"end":{"line":19,"column":24}},"loc":{"start":{"line":19,"column":48},"end":{"line":19,"column":153}},"line":19},"5":{"name":"(anonymous_5)","decl":{"start":{"line":23,"column":16},"end":{"line":23,"column":17}},"loc":{"start":{"line":23,"column":28},"end":{"line":92,"column":1}},"line":23},"6":{"name":"authorize","decl":{"start":{"line":24,"column":11},"end":{"line":24,"column":20}},"loc":{"start":{"line":24,"column":23},"end":{"line":26,"column":3}},"line":24},"7":{"name":"adminauthenticate","decl":{"start":{"line":30,"column":26},"end":{"line":30,"column":43}},"loc":{"start":{"line":30,"column":60},"end":{"line":59,"column":5}},"line":30},"8":{"name":"authenticate","decl":{"start":{"line":62,"column":26},"end":{"line":62,"column":38}},"loc":{"start":{"line":62,"column":55},"end":{"line":88,"column":5}},"line":62}},"branchMap":{"0":{"loc":{"start":{"line":7,"column":168},"end":{"line":7,"column":198}},"type":"binary-expr","locations":[{"start":{"line":7,"column":168},"end":{"line":7,"column":189}},{"start":{"line":7,"column":193},"end":{"line":7,"column":198}}],"line":7},"1":{"loc":{"start":{"line":7,"column":232},"end":{"line":7,"column":286}},"type":"if","locations":[{"start":{"line":7,"column":232},"end":{"line":7,"column":286}},{"start":{"line":7,"column":232},"end":{"line":7,"column":286}}],"line":7},"2":{"loc":{"start":{"line":7,"column":407},"end":{"line":7,"column":475}},"type":"if","locations":[{"start":{"line":7,"column":407},"end":{"line":7,"column":475}},{"start":{"line":7,"column":407},"end":{"line":7,"column":475}}],"line":7},"3":{"loc":{"start":{"line":7,"column":476},"end":{"line":7,"column":536}},"type":"if","locations":[{"start":{"line":7,"column":476},"end":{"line":7,"column":536}},{"start":{"line":7,"column":476},"end":{"line":7,"column":536}}],"line":7},"4":{"loc":{"start":{"line":17,"column":46},"end":{"line":17,"column":92}},"type":"cond-expr","locations":[{"start":{"line":17,"column":70},"end":{"line":17,"column":73}},{"start":{"line":17,"column":76},"end":{"line":17,"column":92}}],"line":17},"5":{"loc":{"start":{"line":17,"column":46},"end":{"line":17,"column":67}},"type":"binary-expr","locations":[{"start":{"line":17,"column":46},"end":{"line":17,"column":49}},{"start":{"line":17,"column":53},"end":{"line":17,"column":67}}],"line":17},"6":{"loc":{"start":{"line":19,"column":50},"end":{"line":19,"column":151}},"type":"if","locations":[{"start":{"line":19,"column":50},"end":{"line":19,"column":151}},{"start":{"line":19,"column":50},"end":{"line":19,"column":151}}],"line":19},"7":{"loc":{"start":{"line":33,"column":6},"end":{"line":40,"column":7}},"type":"if","locations":[{"start":{"line":33,"column":6},"end":{"line":40,"column":7}},{"start":{"line":33,"column":6},"end":{"line":40,"column":7}}],"line":33},"8":{"loc":{"start":{"line":45,"column":8},"end":{"line":50,"column":29}},"type":"if","locations":[{"start":{"line":45,"column":8},"end":{"line":50,"column":29}},{"start":{"line":45,"column":8},"end":{"line":50,"column":29}}],"line":45},"9":{"loc":{"start":{"line":65,"column":6},"end":{"line":72,"column":7}},"type":"if","locations":[{"start":{"line":65,"column":6},"end":{"line":72,"column":7}},{"start":{"line":65,"column":6},"end":{"line":72,"column":7}}],"line":65}},"s":{"0":1,"1":1,"2":1,"3":2,"4":2,"5":2,"6":2,"7":2,"8":2,"9":1,"10":1,"11":0,"12":1,"13":1,"14":1,"15":1,"16":1,"17":1,"18":1,"19":2,"20":0,"21":0,"22":1,"23":1,"24":0,"25":1,"26":7,"27":7,"28":7,"29":2,"30":2,"31":5,"32":5,"33":0,"34":0,"35":0,"36":0,"37":5,"38":5,"39":2,"40":2,"41":2,"42":2,"43":2,"44":0,"45":0,"46":0,"47":0,"48":0,"49":0,"50":0,"51":0,"52":1,"53":1},"f":{"0":1,"1":1,"2":1,"3":2,"4":0,"5":1,"6":0,"7":7,"8":2},"b":{"0":[2,2],"1":[2,0],"2":[0,1],"3":[1,0],"4":[1,1],"5":[2,2],"6":[0,0],"7":[2,5],"8":[0,0],"9":[2,0]},"_coverageSchema":"d34fc3e6b8297bcde183f5492bcb8fcb36775295","hash":"8a801e276598bc99b61806342bc7bc1caa4947d5","contentHash":"2626ad37ee5111ccea3b444a71d0a0b1_12.0.2"},"C:\\Users\\MARIAM IBRAHIM\\Desktop\\andela\\storemanager\\server\\routes\\index.js":{"path":"C:\\Users\\MARIAM IBRAHIM\\Desktop\\andela\\storemanager\\server\\routes\\index.js","statementMap":{"0":{"start":{"line":3,"column":15},"end":{"line":3,"column":33}},"1":{"start":{"line":5,"column":16},"end":{"line":5,"column":48}},"2":{"start":{"line":7,"column":39},"end":{"line":7,"column":93}},"3":{"start":{"line":9,"column":13},"end":{"line":9,"column":39}},"4":{"start":{"line":11,"column":0},"end":{"line":13,"column":3}},"5":{"start":{"line":12,"column":2},"end":{"line":12,"column":46}},"6":{"start":{"line":15,"column":0},"end":{"line":15,"column":24}}},"fnMap":{"0":{"name":"_interopRequireDefault","decl":{"start":{"line":7,"column":9},"end":{"line":7,"column":31}},"loc":{"start":{"line":7,"column":37},"end":{"line":7,"column":95}},"line":7},"1":{"name":"(anonymous_1)","decl":{"start":{"line":11,"column":16},"end":{"line":11,"column":17}},"loc":{"start":{"line":11,"column":36},"end":{"line":13,"column":1}},"line":11}},"branchMap":{"0":{"loc":{"start":{"line":7,"column":46},"end":{"line":7,"column":92}},"type":"cond-expr","locations":[{"start":{"line":7,"column":70},"end":{"line":7,"column":73}},{"start":{"line":7,"column":76},"end":{"line":7,"column":92}}],"line":7},"1":{"loc":{"start":{"line":7,"column":46},"end":{"line":7,"column":67}},"type":"binary-expr","locations":[{"start":{"line":7,"column":46},"end":{"line":7,"column":49}},{"start":{"line":7,"column":53},"end":{"line":7,"column":67}}],"line":7}},"s":{"0":1,"1":1,"2":1,"3":1,"4":1,"5":0,"6":1},"f":{"0":1,"1":0},"b":{"0":[0,1],"1":[1,1]},"_coverageSchema":"d34fc3e6b8297bcde183f5492bcb8fcb36775295","hash":"18a8d90d6ad53c6ec3fb61bc1c9a961f4e7afb83","contentHash":"d9c2bf40351e6aeaa6aa251928ffaccb_12.0.2"}}